INFO: [VRFC 10-163] Analyzing VHDL file "/home/bamarty/Bureau/4A/Processor/Processor.srcs/sources_1/new/UAL.vhd" into library xil_defaultlib
INFO: [VRFC 10-307] analyzing entity UAL
INFO: [VRFC 10-163] Analyzing VHDL file "/home/bamarty/Bureau/4A/Processor/Processor.srcs/sim_1/new/test_UAL.vhd" into library xil_defaultlib
INFO: [VRFC 10-307] analyzing entity test_UAL
INFO: [VRFC 10-163] Analyzing VHDL file "/home/bamarty/Bureau/4A/Processor/Processor.srcs/sim_1/new/test_UAL.vhd" into library xil_defaultlib
INFO: [VRFC 10-307] analyzing entity test_UAL
INFO: [VRFC 10-163] Analyzing VHDL file "/home/bamarty/Bureau/4A/Processor/Processor.srcs/sim_1/new/test_UAL.vhd" into library xil_defaultlib
INFO: [VRFC 10-307] analyzing entity test_UAL
INFO: [VRFC 10-163] Analyzing VHDL file "/home/bamarty/Bureau/4A/Processor/Processor.srcs/sim_1/new/test_UAL.vhd" into library xil_defaultlib
INFO: [VRFC 10-307] analyzing entity test_UAL
INFO: [VRFC 10-163] Analyzing VHDL file "/home/bamarty/Bureau/4A/Processor/Processor.srcs/sources_1/new/UAL.vhd" into library xil_defaultlib
INFO: [VRFC 10-307] analyzing entity UAL
INFO: [VRFC 10-163] Analyzing VHDL file "/home/bamarty/Bureau/4A/Processor/Processor.srcs/sim_1/new/test_UAL.vhd" into library xil_defaultlib
INFO: [VRFC 10-307] analyzing entity test_UAL
INFO: [VRFC 10-163] Analyzing VHDL file "/home/bamarty/Bureau/4A/Processor/Processor.srcs/sim_1/new/test_UAL.vhd" into library xil_defaultlib
INFO: [VRFC 10-307] analyzing entity test_UAL
INFO: [VRFC 10-163] Analyzing VHDL file "/home/bamarty/Bureau/4A/Processor/Processor.srcs/sources_1/new/Banc_Registre.vhd" into library xil_defaultlib
INFO: [VRFC 10-307] analyzing entity Banc_Registre
INFO: [VRFC 10-163] Analyzing VHDL file "/home/bamarty/Bureau/4A/Processor/Processor.srcs/sim_1/new/test_banc_registre.vhd" into library xil_defaultlib
INFO: [VRFC 10-307] analyzing entity test_banc_registre
INFO: [VRFC 10-163] Analyzing VHDL file "/home/bamarty/Bureau/4A/Processor/Processor.srcs/sources_1/new/Banc_Registre.vhd" into library xil_defaultlib
INFO: [VRFC 10-307] analyzing entity Banc_Registre
INFO: [VRFC 10-163] Analyzing VHDL file "/home/bamarty/Bureau/4A/Processor/Processor.srcs/sources_1/new/Banc_Registre.vhd" into library xil_defaultlib
INFO: [VRFC 10-307] analyzing entity Banc_Registre
INFO: [VRFC 10-163] Analyzing VHDL file "/home/bamarty/Bureau/4A/Processor/Processor.srcs/sources_1/new/Banc_Registre.vhd" into library xil_defaultlib
INFO: [VRFC 10-307] analyzing entity Banc_Registre
INFO: [VRFC 10-163] Analyzing VHDL file "/home/bamarty/Bureau/4A/Processor/Processor.srcs/sources_1/new/Banc_Registre.vhd" into library xil_defaultlib
INFO: [VRFC 10-307] analyzing entity Banc_Registre
INFO: [VRFC 10-163] Analyzing VHDL file "/home/bamarty/Bureau/4A/Processor/Processor.srcs/sim_1/new/test_banc_registre.vhd" into library xil_defaultlib
INFO: [VRFC 10-307] analyzing entity test_banc_registre
INFO: [VRFC 10-163] Analyzing VHDL file "/home/bamarty/Bureau/4A/Processor/Processor.srcs/sources_1/new/Banc_Registre.vhd" into library xil_defaultlib
INFO: [VRFC 10-307] analyzing entity Banc_Registre
INFO: [VRFC 10-163] Analyzing VHDL file "/home/bamarty/Bureau/4A/Processor/Processor.srcs/sim_1/new/test_banc_registre.vhd" into library xil_defaultlib
INFO: [VRFC 10-307] analyzing entity test_banc_registre
INFO: [VRFC 10-163] Analyzing VHDL file "/home/bamarty/Bureau/4A/Processor/Processor.srcs/sim_1/new/test_banc_registre.vhd" into library xil_defaultlib
INFO: [VRFC 10-307] analyzing entity test_banc_registre
INFO: [VRFC 10-163] Analyzing VHDL file "/home/bamarty/Bureau/4A/Processor/Processor.srcs/sim_1/new/test_banc_registre.vhd" into library xil_defaultlib
INFO: [VRFC 10-307] analyzing entity test_banc_registre
INFO: [VRFC 10-163] Analyzing VHDL file "/home/bamarty/Bureau/4A/Processor/Processor.srcs/sim_1/new/test_banc_registre.vhd" into library xil_defaultlib
INFO: [VRFC 10-307] analyzing entity test_banc_registre
INFO: [VRFC 10-163] Analyzing VHDL file "/home/bamarty/Bureau/4A/Processor/Processor.srcs/sim_1/new/test_banc_registre.vhd" into library xil_defaultlib
INFO: [VRFC 10-307] analyzing entity test_banc_registre
INFO: [VRFC 10-163] Analyzing VHDL file "/home/bamarty/Bureau/4A/Processor/Processor.srcs/sources_1/new/Banc_Registre.vhd" into library xil_defaultlib
INFO: [VRFC 10-307] analyzing entity Banc_Registre
INFO: [VRFC 10-163] Analyzing VHDL file "/home/bamarty/Bureau/4A/Processor/Processor.srcs/sim_1/new/test_banc_registre.vhd" into library xil_defaultlib
INFO: [VRFC 10-307] analyzing entity test_banc_registre
INFO: [VRFC 10-163] Analyzing VHDL file "/home/bamarty/Bureau/4A/Processor/Processor.srcs/sources_1/new/Banc_Memoire_Données.vhd" into library xil_defaultlib
INFO: [VRFC 10-307] analyzing entity Banc_Memoire_Donnees
INFO: [VRFC 10-163] Analyzing VHDL file "/home/bamarty/Bureau/4A/Processor/Processor.srcs/sim_1/new/test_banc_memoire_donnees.vhd" into library xil_defaultlib
INFO: [VRFC 10-307] analyzing entity test_banc_memoire_donnees
INFO: [VRFC 10-163] Analyzing VHDL file "/home/bamarty/Bureau/4A/Processor/Processor.srcs/sources_1/new/Banc_Memoire_Instructions.vhd" into library xil_defaultlib
INFO: [VRFC 10-307] analyzing entity Banc_Memoire_Instructions
INFO: [VRFC 10-163] Analyzing VHDL file "/home/bamarty/Bureau/4A/Processor/Processor.srcs/sim_1/new/test_banc_memoire_instructions.vhd" into library xil_defaultlib
INFO: [VRFC 10-307] analyzing entity test_banc_memoire_instructions
INFO: [VRFC 10-163] Analyzing VHDL file "/home/bamarty/Bureau/4A/Processor/Processor.srcs/sources_1/new/Banc_Memoire_Instructions.vhd" into library xil_defaultlib
INFO: [VRFC 10-307] analyzing entity Banc_Memoire_Instructions
INFO: [VRFC 10-163] Analyzing VHDL file "/home/bamarty/Bureau/4A/Processor/Processor.srcs/sources_1/new/Banc_Memoire_Instructions.vhd" into library xil_defaultlib
INFO: [VRFC 10-307] analyzing entity Banc_Memoire_Instructions
INFO: [VRFC 10-163] Analyzing VHDL file "/home/bamarty/Bureau/4A/Processor/Processor.srcs/sources_1/new/Chemin_donnees.vhd" into library xil_defaultlib
INFO: [VRFC 10-307] analyzing entity Chemin_donnees
INFO: [VRFC 10-163] Analyzing VHDL file "/home/bamarty/Bureau/4A/Processor/Processor.srcs/sim_1/new/test_chemin_donnees.vhd" into library xil_defaultlib
INFO: [VRFC 10-307] analyzing entity test_chemin_donnees
INFO: [VRFC 10-163] Analyzing VHDL file "/home/bamarty/Bureau/4A/Processor/Processor.srcs/sources_1/new/Chemin_donnees.vhd" into library xil_defaultlib
INFO: [VRFC 10-307] analyzing entity Chemin_donnees
INFO: [VRFC 10-163] Analyzing VHDL file "/home/bamarty/Bureau/4A/Processor/Processor.srcs/sources_1/new/Chemin_donnees.vhd" into library xil_defaultlib
INFO: [VRFC 10-307] analyzing entity Chemin_donnees
INFO: [VRFC 10-163] Analyzing VHDL file "/home/bamarty/Bureau/4A/Processor/Processor.srcs/sim_1/new/test_chemin_donnees.vhd" into library xil_defaultlib
INFO: [VRFC 10-307] analyzing entity test_chemin_donnees
INFO: [VRFC 10-163] Analyzing VHDL file "/home/bamarty/Bureau/4A/Processor/Processor.srcs/sim_1/new/test_chemin_donnees.vhd" into library xil_defaultlib
INFO: [VRFC 10-307] analyzing entity test_chemin_donnees
INFO: [VRFC 10-163] Analyzing VHDL file "/home/bamarty/Bureau/4A/Processor/Processor.srcs/sim_1/new/test_chemin_donnees.vhd" into library xil_defaultlib
INFO: [VRFC 10-307] analyzing entity test_chemin_donnees
INFO: [VRFC 10-163] Analyzing VHDL file "/home/bamarty/Bureau/4A/Processor/Processor.srcs/sources_1/new/Chemin_donnees.vhd" into library xil_defaultlib
INFO: [VRFC 10-307] analyzing entity Chemin_donnees
INFO: [VRFC 10-163] Analyzing VHDL file "/home/bamarty/Bureau/4A/Processor/Processor.srcs/sources_1/new/Banc_Memoire_Instructions.vhd" into library xil_defaultlib
INFO: [VRFC 10-307] analyzing entity Banc_Memoire_Instructions
INFO: [VRFC 10-163] Analyzing VHDL file "/home/bamarty/Bureau/4A/Processor/Processor.srcs/sources_1/new/Banc_Memoire_Instructions.vhd" into library xil_defaultlib
INFO: [VRFC 10-307] analyzing entity Banc_Memoire_Instructions
INFO: [VRFC 10-163] Analyzing VHDL file "/home/bamarty/Bureau/4A/Processor/Processor.srcs/sources_1/new/Chemin_donnees.vhd" into library xil_defaultlib
INFO: [VRFC 10-307] analyzing entity Chemin_donnees
INFO: [VRFC 10-163] Analyzing VHDL file "/home/bamarty/Bureau/4A/Processor/Processor.srcs/sources_1/new/Chemin_donnees.vhd" into library xil_defaultlib
INFO: [VRFC 10-307] analyzing entity Chemin_donnees
INFO: [VRFC 10-163] Analyzing VHDL file "/home/bamarty/Bureau/4A/Processor/Processor.srcs/sources_1/new/Chemin_donnees.vhd" into library xil_defaultlib
INFO: [VRFC 10-307] analyzing entity Chemin_donnees
INFO: [VRFC 10-163] Analyzing VHDL file "/home/bamarty/Bureau/4A/Processor/Processor.srcs/sources_1/new/Banc_Memoire_Instructions.vhd" into library xil_defaultlib
INFO: [VRFC 10-307] analyzing entity Banc_Memoire_Instructions
INFO: [VRFC 10-163] Analyzing VHDL file "/home/bamarty/Bureau/4A/Processor/Processor.srcs/sources_1/new/Banc_Memoire_Instructions.vhd" into library xil_defaultlib
INFO: [VRFC 10-307] analyzing entity Banc_Memoire_Instructions
INFO: [VRFC 10-163] Analyzing VHDL file "/home/bamarty/Bureau/4A/Processor/Processor.srcs/sources_1/new/Banc_Memoire_Instructions.vhd" into library xil_defaultlib
INFO: [VRFC 10-307] analyzing entity Banc_Memoire_Instructions
INFO: [VRFC 10-163] Analyzing VHDL file "/home/bamarty/Bureau/4A/Processor/Processor.srcs/sources_1/new/Banc_Memoire_Instructions.vhd" into library xil_defaultlib
INFO: [VRFC 10-307] analyzing entity Banc_Memoire_Instructions
INFO: [VRFC 10-163] Analyzing VHDL file "/home/ingargio/4IR/Projet_Info/Processor/Processor.srcs/sources_1/new/Banc_Memoire_Donnees.vhd" into library xil_defaultlib
INFO: [VRFC 10-307] analyzing entity Banc_Memoire_Donnees
INFO: [VRFC 10-163] Analyzing VHDL file "/home/ingargio/4IR/Projet_Info/Processor/Processor.srcs/sources_1/new/Banc_Memoire_Instructions.vhd" into library xil_defaultlib
INFO: [VRFC 10-307] analyzing entity Banc_Memoire_Instructions
INFO: [VRFC 10-163] Analyzing VHDL file "/home/ingargio/4IR/Projet_Info/Processor/Processor.srcs/sources_1/new/Banc_Registre.vhd" into library xil_defaultlib
INFO: [VRFC 10-307] analyzing entity Banc_Registre
INFO: [VRFC 10-163] Analyzing VHDL file "/home/ingargio/4IR/Projet_Info/Processor/Processor.srcs/sources_1/new/Chemin_donnees.vhd" into library xil_defaultlib
INFO: [VRFC 10-307] analyzing entity Chemin_donnees
INFO: [VRFC 10-163] Analyzing VHDL file "/home/ingargio/4IR/Projet_Info/Processor/Processor.srcs/sources_1/new/UAL.vhd" into library xil_defaultlib
INFO: [VRFC 10-307] analyzing entity UAL
INFO: [VRFC 10-163] Analyzing VHDL file "/home/ingargio/4IR/Projet_Info/Processor/Processor.srcs/sim_1/new/test_chemin_donnees.vhd" into library xil_defaultlib
INFO: [VRFC 10-307] analyzing entity test_chemin_donnees
INFO: [VRFC 10-163] Analyzing VHDL file "/home/ingargio/4IR/Projet_Info/Processor/Processor.srcs/sources_1/new/Chemin_donnees.vhd" into library xil_defaultlib
INFO: [VRFC 10-307] analyzing entity Chemin_donnees
INFO: [VRFC 10-163] Analyzing VHDL file "/home/ingargio/4IR/Projet_Info/Processor/Processor.srcs/sources_1/new/Banc_Memoire_Instructions.vhd" into library xil_defaultlib
INFO: [VRFC 10-307] analyzing entity Banc_Memoire_Instructions
INFO: [VRFC 10-163] Analyzing VHDL file "/home/ingargio/4IR/Projet_Info/Processor/Processor.srcs/sources_1/new/Chemin_donnees.vhd" into library xil_defaultlib
INFO: [VRFC 10-307] analyzing entity Chemin_donnees
INFO: [VRFC 10-163] Analyzing VHDL file "/home/ingargio/4IR/Projet_Info/Processor/Processor.srcs/sim_1/new/test_chemin_donnees.vhd" into library xil_defaultlib
INFO: [VRFC 10-307] analyzing entity test_chemin_donnees
INFO: [VRFC 10-163] Analyzing VHDL file "/home/ingargio/4IR/Projet_Info/Processor/Processor.srcs/sources_1/new/Banc_Memoire_Instructions.vhd" into library xil_defaultlib
INFO: [VRFC 10-307] analyzing entity Banc_Memoire_Instructions
INFO: [VRFC 10-163] Analyzing VHDL file "/home/ingargio/4IR/Projet_Info/Processor/Processor.srcs/sim_1/new/test_chemin_donnees.vhd" into library xil_defaultlib
INFO: [VRFC 10-307] analyzing entity test_chemin_donnees
INFO: [VRFC 10-163] Analyzing VHDL file "/home/ingargio/4IR/Projet_Info/Processor/Processor.srcs/sources_1/new/Banc_Memoire_Instructions.vhd" into library xil_defaultlib
INFO: [VRFC 10-307] analyzing entity Banc_Memoire_Instructions
INFO: [VRFC 10-163] Analyzing VHDL file "/home/ingargio/4IR/Projet_Info/Processor/Processor.srcs/sim_1/new/test_chemin_donnees.vhd" into library xil_defaultlib
INFO: [VRFC 10-307] analyzing entity test_chemin_donnees
INFO: [VRFC 10-163] Analyzing VHDL file "/home/ingargio/4IR/Projet_Info/Processor/Processor.srcs/sources_1/new/Banc_Registre.vhd" into library xil_defaultlib
INFO: [VRFC 10-307] analyzing entity Banc_Registre
INFO: [VRFC 10-163] Analyzing VHDL file "/home/ingargio/4IR/Projet_Info/Processor/Processor.srcs/sources_1/new/Banc_Memoire_Instructions.vhd" into library xil_defaultlib
INFO: [VRFC 10-307] analyzing entity Banc_Memoire_Instructions
INFO: [VRFC 10-163] Analyzing VHDL file "/home/ingargio/4IR/Projet_Info/Processor/Processor.srcs/sources_1/new/Chemin_donnees.vhd" into library xil_defaultlib
INFO: [VRFC 10-307] analyzing entity Chemin_donnees
INFO: [VRFC 10-163] Analyzing VHDL file "/home/ingargio/4IR/Projet_Info/Processor/Processor.srcs/sources_1/new/Banc_Memoire_Instructions.vhd" into library xil_defaultlib
INFO: [VRFC 10-307] analyzing entity Banc_Memoire_Instructions
INFO: [VRFC 10-163] Analyzing VHDL file "/home/ingargio/4IR/Projet_Info/Processor/Processor.srcs/sources_1/new/Chemin_donnees.vhd" into library xil_defaultlib
INFO: [VRFC 10-307] analyzing entity Chemin_donnees
INFO: [VRFC 10-163] Analyzing VHDL file "/home/ingargio/4IR/Projet_Info/Processor/Processor.srcs/sim_1/new/test_chemin_donnees.vhd" into library xil_defaultlib
INFO: [VRFC 10-307] analyzing entity test_chemin_donnees
INFO: [VRFC 10-163] Analyzing VHDL file "/home/ingargio/4IR/Projet_Info/Processor/Processor.srcs/sources_1/new/Banc_Memoire_Instructions.vhd" into library xil_defaultlib
INFO: [VRFC 10-307] analyzing entity Banc_Memoire_Instructions
INFO: [VRFC 10-163] Analyzing VHDL file "/home/ingargio/4IR/Projet_Info/Processor/Processor.srcs/sources_1/new/Chemin_donnees.vhd" into library xil_defaultlib
INFO: [VRFC 10-307] analyzing entity Chemin_donnees
INFO: [VRFC 10-163] Analyzing VHDL file "/home/ingargio/4IR/Projet_Info/Processor/Processor.srcs/sources_1/new/Banc_Memoire_Instructions.vhd" into library xil_defaultlib
INFO: [VRFC 10-307] analyzing entity Banc_Memoire_Instructions
INFO: [VRFC 10-163] Analyzing VHDL file "/home/ingargio/4IR/Projet_Info/Processor/Processor.srcs/sources_1/new/Banc_Memoire_Instructions.vhd" into library xil_defaultlib
INFO: [VRFC 10-307] analyzing entity Banc_Memoire_Instructions
INFO: [VRFC 10-163] Analyzing VHDL file "/home/ingargio/4IR/Projet_Info/Processor/Processor.srcs/sources_1/new/Chemin_donnees.vhd" into library xil_defaultlib
INFO: [VRFC 10-307] analyzing entity Chemin_donnees
INFO: [VRFC 10-163] Analyzing VHDL file "/home/ingargio/4IR/Projet_Info/Processor/Processor.srcs/sources_1/new/Banc_Memoire_Instructions.vhd" into library xil_defaultlib
INFO: [VRFC 10-307] analyzing entity Banc_Memoire_Instructions
INFO: [VRFC 10-163] Analyzing VHDL file "/home/ingargio/4IR/Projet_Info/Processor/Processor.srcs/sources_1/new/Chemin_donnees.vhd" into library xil_defaultlib
INFO: [VRFC 10-307] analyzing entity Chemin_donnees
INFO: [VRFC 10-163] Analyzing VHDL file "/home/ingargio/4IR/Projet_Info/Processor/Processor.srcs/sources_1/new/Chemin_donnees.vhd" into library xil_defaultlib
INFO: [VRFC 10-307] analyzing entity Chemin_donnees
INFO: [VRFC 10-163] Analyzing VHDL file "/home/ingargio/4IR/Projet_Info/Processor/Processor.srcs/sources_1/new/Chemin_donnees.vhd" into library xil_defaultlib
INFO: [VRFC 10-307] analyzing entity Chemin_donnees
INFO: [VRFC 10-163] Analyzing VHDL file "/home/ingargio/4IR/Projet_Info/Processor/Processor.srcs/sources_1/new/Chemin_donnees.vhd" into library xil_defaultlib
INFO: [VRFC 10-307] analyzing entity Chemin_donnees
INFO: [VRFC 10-163] Analyzing VHDL file "/home/ingargio/4IR/Projet_Info/Processor/Processor.srcs/sources_1/new/Chemin_donnees.vhd" into library xil_defaultlib
INFO: [VRFC 10-307] analyzing entity Chemin_donnees
INFO: [VRFC 10-163] Analyzing VHDL file "/home/ingargio/4IR/Projet_Info/Processor/Processor.srcs/sources_1/new/Chemin_donnees.vhd" into library xil_defaultlib
INFO: [VRFC 10-307] analyzing entity Chemin_donnees
INFO: [VRFC 10-163] Analyzing VHDL file "/home/ingargio/4IR/Projet_Info/Processor/Processor.srcs/sources_1/new/Chemin_donnees.vhd" into library xil_defaultlib
INFO: [VRFC 10-307] analyzing entity Chemin_donnees
INFO: [VRFC 10-163] Analyzing VHDL file "/home/ingargio/4IR/Projet_Info/Processor/Processor.srcs/sources_1/new/Banc_Memoire_Instructions.vhd" into library xil_defaultlib
INFO: [VRFC 10-307] analyzing entity Banc_Memoire_Instructions
INFO: [VRFC 10-163] Analyzing VHDL file "/home/ingargio/4IR/Projet_Info/Processor/Processor.srcs/sources_1/new/Banc_Memoire_Instructions.vhd" into library xil_defaultlib
INFO: [VRFC 10-307] analyzing entity Banc_Memoire_Instructions
INFO: [VRFC 10-163] Analyzing VHDL file "/home/ingargio/4IR/Projet_Info/Processor/Processor.srcs/sources_1/new/Banc_Memoire_Instructions.vhd" into library xil_defaultlib
INFO: [VRFC 10-307] analyzing entity Banc_Memoire_Instructions
INFO: [VRFC 10-163] Analyzing VHDL file "/home/ingargio/4IR/Projet_Info/Processor/Processor.srcs/sources_1/new/Banc_Memoire_Instructions.vhd" into library xil_defaultlib
INFO: [VRFC 10-307] analyzing entity Banc_Memoire_Instructions
INFO: [VRFC 10-163] Analyzing VHDL file "/home/ingargio/4IR/Projet_Info/Processor/Processor.srcs/sources_1/new/Chemin_donnees.vhd" into library xil_defaultlib
INFO: [VRFC 10-307] analyzing entity Chemin_donnees
INFO: [VRFC 10-163] Analyzing VHDL file "/home/ingargio/4IR/Projet_Info/Processor/Processor.srcs/sources_1/new/Banc_Memoire_Instructions.vhd" into library xil_defaultlib
INFO: [VRFC 10-307] analyzing entity Banc_Memoire_Instructions
INFO: [VRFC 10-163] Analyzing VHDL file "/home/ingargio/4IR/Projet_Info/Processor/Processor.srcs/sources_1/new/Chemin_donnees.vhd" into library xil_defaultlib
INFO: [VRFC 10-307] analyzing entity Chemin_donnees
INFO: [VRFC 10-163] Analyzing VHDL file "/home/ingargio/4IR/Projet_Info/Processor/Processor.srcs/sources_1/new/Chemin_donnees.vhd" into library xil_defaultlib
INFO: [VRFC 10-307] analyzing entity Chemin_donnees
INFO: [VRFC 10-163] Analyzing VHDL file "/home/ingargio/4IR/Projet_Info/Processor/Processor.srcs/sources_1/new/Banc_Memoire_Instructions.vhd" into library xil_defaultlib
INFO: [VRFC 10-307] analyzing entity Banc_Memoire_Instructions
INFO: [VRFC 10-163] Analyzing VHDL file "/home/ingargio/4IR/Projet_Info/Processor/Processor.srcs/sources_1/new/Banc_Memoire_Instructions.vhd" into library xil_defaultlib
INFO: [VRFC 10-307] analyzing entity Banc_Memoire_Instructions
INFO: [VRFC 10-163] Analyzing VHDL file "/home/ingargio/4IR/Projet_Info/Processor/Processor.srcs/sources_1/new/Banc_Memoire_Données.vhd" into library xil_defaultlib
INFO: [VRFC 10-307] analyzing entity Banc_Memoire_Donnees
INFO: [VRFC 10-163] Analyzing VHDL file "/home/ingargio/4IR/Projet_Info/Processor/Processor.srcs/sources_1/new/Chemin_donnees.vhd" into library xil_defaultlib
INFO: [VRFC 10-307] analyzing entity Chemin_donnees
INFO: [VRFC 10-163] Analyzing VHDL file "/home/ingargio/4IR/Projet_Info/Processor/Processor.srcs/sources_1/new/Chemin_donnees.vhd" into library xil_defaultlib
INFO: [VRFC 10-307] analyzing entity Chemin_donnees
INFO: [VRFC 10-163] Analyzing VHDL file "/home/ingargio/4IR/Projet_Info/Processor/Processor.srcs/sources_1/new/Chemin_donnees.vhd" into library xil_defaultlib
INFO: [VRFC 10-307] analyzing entity Chemin_donnees
INFO: [VRFC 10-163] Analyzing VHDL file "/home/ingargio/4IR/Projet_Info/Processor/Processor.srcs/sources_1/new/Chemin_donnees.vhd" into library xil_defaultlib
INFO: [VRFC 10-307] analyzing entity Chemin_donnees
INFO: [VRFC 10-163] Analyzing VHDL file "/home/ingargio/4IR/Projet_Info/Processor/Processor.srcs/sources_1/new/Chemin_donnees.vhd" into library xil_defaultlib
INFO: [VRFC 10-307] analyzing entity Chemin_donnees
INFO: [VRFC 10-163] Analyzing VHDL file "/home/ingargio/4IR/Projet_Info/Processor/Processor.srcs/sources_1/new/Chemin_donnees.vhd" into library xil_defaultlib
INFO: [VRFC 10-307] analyzing entity Chemin_donnees
INFO: [VRFC 10-163] Analyzing VHDL file "/home/ingargio/4IR/Projet_Info/Processor/Processor.srcs/sources_1/new/Banc_Memoire_Données.vhd" into library xil_defaultlib
INFO: [VRFC 10-307] analyzing entity Banc_Memoire_Donnees
INFO: [VRFC 10-163] Analyzing VHDL file "/home/ingargio/4IR/Projet_Info/Processor/Processor.srcs/sources_1/new/Banc_Memoire_Donnees.vhd" into library xil_defaultlib
INFO: [VRFC 10-307] analyzing entity Banc_Memoire_Donnees
INFO: [VRFC 10-163] Analyzing VHDL file "/home/ingargio/4IR/Projet_Info/Processor/Processor.srcs/sources_1/new/Banc_Memoire_Donnees.vhd" into library xil_defaultlib
INFO: [VRFC 10-307] analyzing entity Banc_Memoire_Donnees
INFO: [VRFC 10-163] Analyzing VHDL file "/home/ingargio/4IR/Projet_Info/Processor/Processor.srcs/sources_1/new/Chemin_donnees.vhd" into library xil_defaultlib
INFO: [VRFC 10-307] analyzing entity Chemin_donnees
INFO: [VRFC 10-163] Analyzing VHDL file "/home/ingargio/4IR/Projet_Info/Processor/Processor.srcs/sources_1/new/Chemin_donnees.vhd" into library xil_defaultlib
INFO: [VRFC 10-307] analyzing entity Chemin_donnees
INFO: [VRFC 10-163] Analyzing VHDL file "/home/ingargio/4IR/Projet_Info/Processor/Processor.srcs/sources_1/new/Chemin_donnees.vhd" into library xil_defaultlib
INFO: [VRFC 10-307] analyzing entity Chemin_donnees
INFO: [VRFC 10-163] Analyzing VHDL file "/home/ingargio/4IR/Projet_Info/Processor/Processor.srcs/sources_1/new/Chemin_donnees.vhd" into library xil_defaultlib
INFO: [VRFC 10-307] analyzing entity Chemin_donnees
INFO: [VRFC 10-163] Analyzing VHDL file "/home/ingargio/4IR/Projet_Info/Processor/Processor.srcs/sources_1/new/Chemin_donnees.vhd" into library xil_defaultlib
INFO: [VRFC 10-307] analyzing entity Chemin_donnees
INFO: [VRFC 10-163] Analyzing VHDL file "/home/ingargio/4IR/Projet_Info/Processor/Processor.srcs/sources_1/new/Chemin_donnees.vhd" into library xil_defaultlib
INFO: [VRFC 10-307] analyzing entity Chemin_donnees
INFO: [VRFC 10-163] Analyzing VHDL file "/home/ingargio/4IR/Projet_Info/Processor/Processor.srcs/sources_1/new/Chemin_donnees.vhd" into library xil_defaultlib
INFO: [VRFC 10-307] analyzing entity Chemin_donnees
INFO: [VRFC 10-163] Analyzing VHDL file "/home/ingargio/4IR/Projet_Info/Processor/Processor.srcs/sources_1/new/Banc_Memoire_Instructions.vhd" into library xil_defaultlib
INFO: [VRFC 10-307] analyzing entity Banc_Memoire_Instructions
INFO: [VRFC 10-163] Analyzing VHDL file "/home/ingargio/4IR/Projet_Info/Processor/Processor.srcs/sources_1/new/Chemin_donnees.vhd" into library xil_defaultlib
INFO: [VRFC 10-307] analyzing entity Chemin_donnees
INFO: [VRFC 10-163] Analyzing VHDL file "/home/ingargio/4IR/Projet_Info/Processor/Processor.srcs/sources_1/new/Chemin_donnees.vhd" into library xil_defaultlib
INFO: [VRFC 10-307] analyzing entity Chemin_donnees
INFO: [VRFC 10-163] Analyzing VHDL file "/home/ingargio/4IR/Projet_Info/Processor/Processor.srcs/sources_1/new/Chemin_donnees.vhd" into library xil_defaultlib
INFO: [VRFC 10-307] analyzing entity Chemin_donnees
INFO: [VRFC 10-163] Analyzing VHDL file "/home/ingargio/4IR/Projet_Info/Processor/Processor.srcs/sources_1/new/Chemin_donnees.vhd" into library xil_defaultlib
INFO: [VRFC 10-307] analyzing entity Chemin_donnees
INFO: [VRFC 10-163] Analyzing VHDL file "/home/ingargio/4IR/Projet_Info/Processor/Processor.srcs/sources_1/new/Chemin_donnees.vhd" into library xil_defaultlib
INFO: [VRFC 10-307] analyzing entity Chemin_donnees
INFO: [VRFC 10-163] Analyzing VHDL file "/home/ingargio/4IR/Projet_Info/Processor/Processor.srcs/sources_1/new/detect_alea.vhd" into library xil_defaultlib
INFO: [VRFC 10-307] analyzing entity detect_alea
INFO: [VRFC 10-163] Analyzing VHDL file "/home/ingargio/4IR/Projet_Info/Processor/Processor.srcs/sources_1/new/Chemin_donnees.vhd" into library xil_defaultlib
INFO: [VRFC 10-307] analyzing entity Chemin_donnees
INFO: [VRFC 10-163] Analyzing VHDL file "/home/ingargio/4IR/Projet_Info/Processor/Processor.srcs/sources_1/new/Chemin_donnees.vhd" into library xil_defaultlib
INFO: [VRFC 10-307] analyzing entity Chemin_donnees
INFO: [VRFC 10-163] Analyzing VHDL file "/home/ingargio/4IR/Projet_Info/Processor/Processor.srcs/sources_1/new/Banc_Memoire_Instructions.vhd" into library xil_defaultlib
INFO: [VRFC 10-307] analyzing entity Banc_Memoire_Instructions
INFO: [VRFC 10-163] Analyzing VHDL file "/home/ingargio/4IR/Projet_Info/Processor/Processor.srcs/sources_1/new/Chemin_donnees.vhd" into library xil_defaultlib
INFO: [VRFC 10-307] analyzing entity Chemin_donnees
INFO: [VRFC 10-163] Analyzing VHDL file "/home/ingargio/4IR/Projet_Info/Processor/Processor.srcs/sources_1/new/Chemin_donnees.vhd" into library xil_defaultlib
INFO: [VRFC 10-307] analyzing entity Chemin_donnees
INFO: [VRFC 10-163] Analyzing VHDL file "/home/ingargio/4IR/Projet_Info/Processor/Processor.srcs/sources_1/new/Banc_Memoire_Instructions.vhd" into library xil_defaultlib
INFO: [VRFC 10-307] analyzing entity Banc_Memoire_Instructions
INFO: [VRFC 10-163] Analyzing VHDL file "/home/ingargio/4IR/Projet_Info/Processor/Processor.srcs/sources_1/new/Chemin_donnees.vhd" into library xil_defaultlib
INFO: [VRFC 10-307] analyzing entity Chemin_donnees
INFO: [VRFC 10-163] Analyzing VHDL file "/home/ingargio/4IR/Projet_Info/Processor/Processor.srcs/sources_1/new/Chemin_donnees.vhd" into library xil_defaultlib
INFO: [VRFC 10-307] analyzing entity Chemin_donnees
INFO: [VRFC 10-163] Analyzing VHDL file "/home/ingargio/4IR/Projet_Info/Processor_gestion_alea/Processor.srcs/sources_1/new/Banc_Memoire_Donnees.vhd" into library xil_defaultlib
INFO: [VRFC 10-307] analyzing entity Banc_Memoire_Donnees
INFO: [VRFC 10-163] Analyzing VHDL file "/home/ingargio/4IR/Projet_Info/Processor_gestion_alea/Processor.srcs/sources_1/new/Banc_Memoire_Instructions.vhd" into library xil_defaultlib
INFO: [VRFC 10-307] analyzing entity Banc_Memoire_Instructions
INFO: [VRFC 10-163] Analyzing VHDL file "/home/ingargio/4IR/Projet_Info/Processor_gestion_alea/Processor.srcs/sources_1/new/Banc_Registre.vhd" into library xil_defaultlib
INFO: [VRFC 10-307] analyzing entity Banc_Registre
INFO: [VRFC 10-163] Analyzing VHDL file "/home/ingargio/4IR/Projet_Info/Processor_gestion_alea/Processor.srcs/sources_1/new/Chemin_donnees.vhd" into library xil_defaultlib
INFO: [VRFC 10-307] analyzing entity Chemin_donnees
INFO: [VRFC 10-163] Analyzing VHDL file "/home/ingargio/4IR/Projet_Info/Processor_gestion_alea/Processor.srcs/sources_1/new/UAL.vhd" into library xil_defaultlib
INFO: [VRFC 10-307] analyzing entity UAL
INFO: [VRFC 10-163] Analyzing VHDL file "/home/ingargio/4IR/Projet_Info/Processor_gestion_alea/Processor.srcs/sources_1/new/detect_alea.vhd" into library xil_defaultlib
INFO: [VRFC 10-307] analyzing entity detect_alea
INFO: [VRFC 10-163] Analyzing VHDL file "/home/ingargio/4IR/Projet_Info/Processor_gestion_alea/Processor.srcs/sim_1/new/test_chemin_donnees.vhd" into library xil_defaultlib
INFO: [VRFC 10-307] analyzing entity test_chemin_donnees
INFO: [VRFC 10-163] Analyzing VHDL file "/home/ingargio/4IR/Projet_Info/Processor_gestion_alea/Processor.srcs/sources_1/new/Chemin_donnees.vhd" into library xil_defaultlib
INFO: [VRFC 10-307] analyzing entity Chemin_donnees
INFO: [VRFC 10-163] Analyzing VHDL file "/home/ingargio/4IR/Projet_Info/Processor_gestion_alea/Processor.srcs/sources_1/new/Chemin_donnees.vhd" into library xil_defaultlib
INFO: [VRFC 10-307] analyzing entity Chemin_donnees
INFO: [VRFC 10-163] Analyzing VHDL file "/home/ingargio/4IR/Projet_Info/Processor_gestion_alea/Processor.srcs/sources_1/new/Banc_Memoire_Instructions.vhd" into library xil_defaultlib
INFO: [VRFC 10-307] analyzing entity Banc_Memoire_Instructions
INFO: [VRFC 10-163] Analyzing VHDL file "/home/ingargio/4IR/Projet_Info/Processor_gestion_alea/Processor.srcs/sources_1/new/detect_alea.vhd" into library xil_defaultlib
INFO: [VRFC 10-307] analyzing entity detect_alea
INFO: [VRFC 10-163] Analyzing VHDL file "/home/ingargio/4IR/Projet_Info/Processor_gestion_alea/Processor.srcs/sources_1/new/detect_alea.vhd" into library xil_defaultlib
INFO: [VRFC 10-307] analyzing entity detect_alea
INFO: [VRFC 10-163] Analyzing VHDL file "/home/ingargio/4IR/Projet_Info/Processor_gestion_alea/Processor.srcs/sources_1/new/Chemin_donnees.vhd" into library xil_defaultlib
INFO: [VRFC 10-307] analyzing entity Chemin_donnees
INFO: [VRFC 10-163] Analyzing VHDL file "/home/ingargio/4IR/Projet_Info/Processor_gestion_alea/Processor.srcs/sources_1/new/detect_alea.vhd" into library xil_defaultlib
INFO: [VRFC 10-307] analyzing entity detect_alea
INFO: [VRFC 10-163] Analyzing VHDL file "/home/ingargio/4IR/Projet_Info/Processor_gestion_alea/Processor.srcs/sources_1/new/detect_alea.vhd" into library xil_defaultlib
INFO: [VRFC 10-307] analyzing entity detect_alea
INFO: [VRFC 10-163] Analyzing VHDL file "/home/ingargio/4IR/Projet_Info/Processor_gestion_alea/Processor.srcs/sources_1/new/detect_alea.vhd" into library xil_defaultlib
INFO: [VRFC 10-307] analyzing entity detect_alea
ERROR: [VRFC 10-1449] this construct is only supported in VHDL 1076-2008 [/home/ingargio/4IR/Projet_Info/Processor_gestion_alea/Processor.srcs/sources_1/new/detect_alea.vhd:74]
ERROR: [VRFC 10-724] found '0' definitions of operator "and", cannot determine exact overloaded matching definition for "and" [/home/ingargio/4IR/Projet_Info/Processor_gestion_alea/Processor.srcs/sources_1/new/detect_alea.vhd:74]
ERROR: [VRFC 10-2123] 0 definitions of operator "and" match here [/home/ingargio/4IR/Projet_Info/Processor_gestion_alea/Processor.srcs/sources_1/new/detect_alea.vhd:74]
ERROR: [VRFC 10-1504] unit behavioral ignored due to previous errors [/home/ingargio/4IR/Projet_Info/Processor_gestion_alea/Processor.srcs/sources_1/new/detect_alea.vhd:65]
INFO: [VRFC 10-240] VHDL file /home/ingargio/4IR/Projet_Info/Processor_gestion_alea/Processor.srcs/sources_1/new/detect_alea.vhd ignored due to errors
INFO: [VRFC 10-163] Analyzing VHDL file "/home/ingargio/4IR/Projet_Info/Processor_gestion_alea/Processor.srcs/sources_1/new/detect_alea.vhd" into library xil_defaultlib
INFO: [VRFC 10-307] analyzing entity detect_alea
INFO: [VRFC 10-163] Analyzing VHDL file "/home/ingargio/4IR/Projet_Info/Processor_gestion_alea/Processor.srcs/sources_1/new/detect_alea.vhd" into library xil_defaultlib
INFO: [VRFC 10-307] analyzing entity detect_alea
INFO: [VRFC 10-163] Analyzing VHDL file "/home/ingargio/4IR/Projet_Info/Processor_gestion_alea/Processor.srcs/sources_1/new/detect_alea.vhd" into library xil_defaultlib
INFO: [VRFC 10-307] analyzing entity detect_alea
INFO: [VRFC 10-163] Analyzing VHDL file "/home/ingargio/4IR/Projet_Info/Processor_gestion_alea/Processor.srcs/sources_1/new/detect_alea.vhd" into library xil_defaultlib
INFO: [VRFC 10-307] analyzing entity detect_alea
INFO: [VRFC 10-163] Analyzing VHDL file "/home/ingargio/4IR/Projet_Info/Processor_gestion_alea/Processor.srcs/sources_1/new/detect_alea.vhd" into library xil_defaultlib
INFO: [VRFC 10-307] analyzing entity detect_alea
INFO: [VRFC 10-163] Analyzing VHDL file "/home/ingargio/4IR/Projet_Info/Processor_gestion_alea/Processor.srcs/sources_1/new/detect_alea.vhd" into library xil_defaultlib
INFO: [VRFC 10-307] analyzing entity detect_alea
INFO: [VRFC 10-163] Analyzing VHDL file "/home/ingargio/4IR/Projet_Info/Processor_gestion_alea/Processor.srcs/sources_1/new/Chemin_donnees.vhd" into library xil_defaultlib
INFO: [VRFC 10-307] analyzing entity Chemin_donnees
INFO: [VRFC 10-163] Analyzing VHDL file "/home/ingargio/4IR/Projet_Info/Processor_gestion_alea/Processor.srcs/sources_1/new/Chemin_donnees.vhd" into library xil_defaultlib
INFO: [VRFC 10-307] analyzing entity Chemin_donnees
INFO: [VRFC 10-163] Analyzing VHDL file "/home/ingargio/4IR/Projet_Info/Processor_gestion_alea/Processor.srcs/sources_1/new/Banc_Memoire_Instructions.vhd" into library xil_defaultlib
INFO: [VRFC 10-307] analyzing entity Banc_Memoire_Instructions
INFO: [VRFC 10-163] Analyzing VHDL file "/home/ingargio/4IR/Projet_Info/Processor_gestion_alea/Processor.srcs/sources_1/new/detect_alea.vhd" into library xil_defaultlib
INFO: [VRFC 10-307] analyzing entity detect_alea
INFO: [VRFC 10-163] Analyzing VHDL file "/home/ingargio/4IR/Projet_Info/Processor_gestion_alea/Processor.srcs/sources_1/new/detect_alea.vhd" into library xil_defaultlib
INFO: [VRFC 10-307] analyzing entity detect_alea
INFO: [VRFC 10-163] Analyzing VHDL file "/home/ingargio/4IR/Projet_Info/Processor_gestion_alea/Processor.srcs/sources_1/new/detect_alea.vhd" into library xil_defaultlib
INFO: [VRFC 10-307] analyzing entity detect_alea
INFO: [VRFC 10-163] Analyzing VHDL file "/home/ingargio/4IR/Projet_Info/Processor_gestion_alea/Processor.srcs/sources_1/new/detect_alea.vhd" into library xil_defaultlib
INFO: [VRFC 10-307] analyzing entity detect_alea
INFO: [VRFC 10-163] Analyzing VHDL file "/home/ingargio/4IR/Projet_Info/Processor_gestion_alea/Processor.srcs/sources_1/new/detect_alea.vhd" into library xil_defaultlib
INFO: [VRFC 10-307] analyzing entity detect_alea
INFO: [VRFC 10-163] Analyzing VHDL file "/home/ingargio/4IR/Projet_Info/Processor_gestion_alea/Processor.srcs/sources_1/new/detect_alea.vhd" into library xil_defaultlib
INFO: [VRFC 10-307] analyzing entity detect_alea
INFO: [VRFC 10-163] Analyzing VHDL file "/home/ingargio/4IR/Projet_Info/Processor_gestion_alea/Processor.srcs/sources_1/new/Banc_Memoire_Instructions.vhd" into library xil_defaultlib
INFO: [VRFC 10-307] analyzing entity Banc_Memoire_Instructions
INFO: [VRFC 10-163] Analyzing VHDL file "/home/ingargio/4IR/Projet_Info/Processor_gestion_alea/Processor.srcs/sources_1/new/Chemin_donnees.vhd" into library xil_defaultlib
INFO: [VRFC 10-307] analyzing entity Chemin_donnees
INFO: [VRFC 10-163] Analyzing VHDL file "/home/ingargio/4IR/Projet_Info/Processor_gestion_alea/Processor.srcs/sources_1/new/Chemin_donnees.vhd" into library xil_defaultlib
INFO: [VRFC 10-307] analyzing entity Chemin_donnees
INFO: [VRFC 10-163] Analyzing VHDL file "/home/ingargio/4IR/Projet_Info/Processor_gestion_alea/Processor.srcs/sources_1/new/Chemin_donnees.vhd" into library xil_defaultlib
INFO: [VRFC 10-307] analyzing entity Chemin_donnees
INFO: [VRFC 10-163] Analyzing VHDL file "/home/ingargio/4IR/Projet_Info/Processor_gestion_alea/Processor.srcs/sources_1/new/Chemin_donnees.vhd" into library xil_defaultlib
INFO: [VRFC 10-307] analyzing entity Chemin_donnees
INFO: [VRFC 10-163] Analyzing VHDL file "/home/ingargio/4IR/Projet_Info/Processor_gestion_alea/Processor.srcs/sources_1/new/Chemin_donnees.vhd" into library xil_defaultlib
INFO: [VRFC 10-307] analyzing entity Chemin_donnees
INFO: [VRFC 10-163] Analyzing VHDL file "/home/ingargio/4IR/Projet_Info/Processor_gestion_alea/Processor.srcs/sources_1/new/Chemin_donnees.vhd" into library xil_defaultlib
INFO: [VRFC 10-307] analyzing entity Chemin_donnees
INFO: [VRFC 10-163] Analyzing VHDL file "/home/ingargio/4IR/Projet_Info/Processor_gestion_alea/Processor.srcs/sources_1/new/Chemin_donnees.vhd" into library xil_defaultlib
INFO: [VRFC 10-307] analyzing entity Chemin_donnees
INFO: [VRFC 10-163] Analyzing VHDL file "/home/ingargio/4IR/Projet_Info/Processor_gestion_alea/Processor.srcs/sources_1/new/Chemin_donnees.vhd" into library xil_defaultlib
INFO: [VRFC 10-307] analyzing entity Chemin_donnees
INFO: [VRFC 10-163] Analyzing VHDL file "/home/ingargio/4IR/Projet_Info/Processor_gestion_alea/Processor.srcs/sources_1/new/Chemin_donnees.vhd" into library xil_defaultlib
INFO: [VRFC 10-307] analyzing entity Chemin_donnees
INFO: [VRFC 10-163] Analyzing VHDL file "/home/ingargio/4IR/Projet_Info/Processor_gestion_alea/Processor.srcs/sources_1/new/detect_alea.vhd" into library xil_defaultlib
INFO: [VRFC 10-307] analyzing entity detect_alea
INFO: [VRFC 10-163] Analyzing VHDL file "/home/ingargio/4IR/Projet_Info/Processor_gestion_alea/Processor.srcs/sources_1/new/Banc_Memoire_Instructions.vhd" into library xil_defaultlib
INFO: [VRFC 10-307] analyzing entity Banc_Memoire_Instructions
INFO: [VRFC 10-163] Analyzing VHDL file "/home/ingargio/4IR/Projet_Info/Processor_gestion_alea/Processor.srcs/sources_1/new/Banc_Memoire_Instructions.vhd" into library xil_defaultlib
INFO: [VRFC 10-307] analyzing entity Banc_Memoire_Instructions
INFO: [VRFC 10-163] Analyzing VHDL file "/home/ingargio/4IR/Projet_Info/Processor_gestion_alea/Processor.srcs/sources_1/new/Banc_Memoire_Instructions.vhd" into library xil_defaultlib
INFO: [VRFC 10-307] analyzing entity Banc_Memoire_Instructions
INFO: [VRFC 10-163] Analyzing VHDL file "/home/ingargio/4IR/Projet_Info/Processor_gestion_alea/Processor.srcs/sources_1/new/Banc_Memoire_Instructions.vhd" into library xil_defaultlib
INFO: [VRFC 10-307] analyzing entity Banc_Memoire_Instructions
INFO: [VRFC 10-163] Analyzing VHDL file "/home/ingargio/4IR/Projet_Info/Processor_gestion_alea/Processor.srcs/sources_1/new/Banc_Memoire_Instructions.vhd" into library xil_defaultlib
INFO: [VRFC 10-307] analyzing entity Banc_Memoire_Instructions
INFO: [VRFC 10-163] Analyzing VHDL file "/home/ingargio/4IR/Projet_Info/Processor_gestion_alea/Processor.srcs/sources_1/new/Chemin_donnees.vhd" into library xil_defaultlib
INFO: [VRFC 10-307] analyzing entity Chemin_donnees
INFO: [VRFC 10-163] Analyzing VHDL file "/home/ingargio/4IR/Projet_Info/Processor_gestion_alea/Processor.srcs/sources_1/new/detect_alea.vhd" into library xil_defaultlib
INFO: [VRFC 10-307] analyzing entity detect_alea
INFO: [VRFC 10-163] Analyzing VHDL file "/home/ingargio/4IR/Projet_Info/Processor_gestion_alea/Processor.srcs/sources_1/new/Chemin_donnees.vhd" into library xil_defaultlib
INFO: [VRFC 10-307] analyzing entity Chemin_donnees
INFO: [VRFC 10-163] Analyzing VHDL file "/home/ingargio/4IR/Projet_Info/Processor_gestion_alea/Processor.srcs/sources_1/new/Chemin_donnees.vhd" into library xil_defaultlib
INFO: [VRFC 10-307] analyzing entity Chemin_donnees
INFO: [VRFC 10-163] Analyzing VHDL file "/home/ingargio/4IR/Projet_Info/Processor_gestion_alea/Processor.srcs/sources_1/new/Chemin_donnees.vhd" into library xil_defaultlib
INFO: [VRFC 10-307] analyzing entity Chemin_donnees
INFO: [VRFC 10-163] Analyzing VHDL file "/home/ingargio/4IR/Projet_Info/Processor_gestion_alea/Processor.srcs/sources_1/new/detect_alea.vhd" into library xil_defaultlib
INFO: [VRFC 10-307] analyzing entity detect_alea
INFO: [VRFC 10-163] Analyzing VHDL file "/home/ingargio/4IR/Projet_Info/Processor_gestion_alea/Processor.srcs/sources_1/new/Chemin_donnees.vhd" into library xil_defaultlib
INFO: [VRFC 10-307] analyzing entity Chemin_donnees
INFO: [VRFC 10-163] Analyzing VHDL file "/home/ingargio/4IR/Projet_Info/Processor_gestion_alea/Processor.srcs/sources_1/new/detect_alea.vhd" into library xil_defaultlib
INFO: [VRFC 10-307] analyzing entity detect_alea
INFO: [VRFC 10-163] Analyzing VHDL file "/home/ingargio/4IR/Projet_Info/Processor_gestion_alea/Processor.srcs/sources_1/new/detect_alea.vhd" into library xil_defaultlib
INFO: [VRFC 10-307] analyzing entity detect_alea
INFO: [VRFC 10-163] Analyzing VHDL file "/home/ingargio/4IR/Projet_Info/Processor_gestion_alea/Processor.srcs/sources_1/new/Chemin_donnees.vhd" into library xil_defaultlib
INFO: [VRFC 10-307] analyzing entity Chemin_donnees
INFO: [VRFC 10-163] Analyzing VHDL file "/home/ingargio/4IR/Projet_Info/Processor_gestion_alea/Processor.srcs/sources_1/new/Chemin_donnees.vhd" into library xil_defaultlib
INFO: [VRFC 10-307] analyzing entity Chemin_donnees
INFO: [VRFC 10-163] Analyzing VHDL file "/home/ingargio/4IR/Projet_Info/Processor_gestion_alea/Processor.srcs/sources_1/new/Chemin_donnees.vhd" into library xil_defaultlib
INFO: [VRFC 10-307] analyzing entity Chemin_donnees
INFO: [VRFC 10-163] Analyzing VHDL file "/home/ingargio/4IR/Projet_Info/Processor_gestion_alea/Processor.srcs/sources_1/new/Chemin_donnees.vhd" into library xil_defaultlib
INFO: [VRFC 10-307] analyzing entity Chemin_donnees
INFO: [VRFC 10-163] Analyzing VHDL file "/home/ingargio/4IR/Projet_Info/Processor_gestion_alea/Processor.srcs/sources_1/new/Chemin_donnees.vhd" into library xil_defaultlib
INFO: [VRFC 10-307] analyzing entity Chemin_donnees
INFO: [VRFC 10-163] Analyzing VHDL file "/home/ingargio/4IR/Projet_Info/Processor_gestion_alea/Processor.srcs/sources_1/new/detect_alea.vhd" into library xil_defaultlib
INFO: [VRFC 10-307] analyzing entity detect_alea
INFO: [VRFC 10-163] Analyzing VHDL file "/home/ingargio/4IR/Projet_Info/Processor_gestion_alea/Processor.srcs/sources_1/new/Chemin_donnees.vhd" into library xil_defaultlib
INFO: [VRFC 10-307] analyzing entity Chemin_donnees
INFO: [VRFC 10-163] Analyzing VHDL file "/home/ingargio/4IR/Projet_Info/Processor_gestion_alea/Processor.srcs/sources_1/new/Banc_Memoire_Instructions.vhd" into library xil_defaultlib
INFO: [VRFC 10-307] analyzing entity Banc_Memoire_Instructions
INFO: [VRFC 10-163] Analyzing VHDL file "/home/ingargio/4IR/Projet_Info/Processor_gestion_alea/Processor.srcs/sources_1/new/detect_alea.vhd" into library xil_defaultlib
INFO: [VRFC 10-307] analyzing entity detect_alea
INFO: [VRFC 10-163] Analyzing VHDL file "/home/ingargio/4IR/Projet_Info/Processor_gestion_alea/Processor.srcs/sources_1/new/detect_alea.vhd" into library xil_defaultlib
INFO: [VRFC 10-307] analyzing entity detect_alea
INFO: [VRFC 10-163] Analyzing VHDL file "/home/ingargio/4IR/Projet_Info/Processor_gestion_alea/Processor.srcs/sources_1/new/Banc_Memoire_Instructions.vhd" into library xil_defaultlib
INFO: [VRFC 10-307] analyzing entity Banc_Memoire_Instructions
INFO: [VRFC 10-163] Analyzing VHDL file "/home/ingargio/4IR/Projet_Info/Processor_gestion_alea/Processor.srcs/sources_1/new/Banc_Memoire_Instructions.vhd" into library xil_defaultlib
INFO: [VRFC 10-307] analyzing entity Banc_Memoire_Instructions
INFO: [VRFC 10-163] Analyzing VHDL file "/home/ingargio/4IR/Projet_Info/Processor_gestion_alea/Processor.srcs/sources_1/new/Banc_Memoire_Instructions.vhd" into library xil_defaultlib
INFO: [VRFC 10-307] analyzing entity Banc_Memoire_Instructions
INFO: [VRFC 10-163] Analyzing VHDL file "/home/ingargio/4IR/Projet_Info/Processor_gestion_alea/Processor.srcs/sources_1/new/Chemin_donnees.vhd" into library xil_defaultlib
INFO: [VRFC 10-307] analyzing entity Chemin_donnees
INFO: [VRFC 10-163] Analyzing VHDL file "/home/ingargio/4IR/Projet_Info/Processor_gestion_alea/Processor.srcs/sources_1/new/detect_alea.vhd" into library xil_defaultlib
INFO: [VRFC 10-307] analyzing entity detect_alea
INFO: [VRFC 10-163] Analyzing VHDL file "/home/ingargio/4IR/Projet_Info/Processor_gestion_alea/Processor.srcs/sources_1/new/detect_alea.vhd" into library xil_defaultlib
INFO: [VRFC 10-307] analyzing entity detect_alea
INFO: [VRFC 10-163] Analyzing VHDL file "/home/ingargio/4IR/Projet_Info/Processor_gestion_alea/Processor.srcs/sources_1/new/Banc_Memoire_Instructions.vhd" into library xil_defaultlib
INFO: [VRFC 10-307] analyzing entity Banc_Memoire_Instructions
INFO: [VRFC 10-163] Analyzing VHDL file "/home/ingargio/4IR/Projet_Info/Processor_gestion_alea/Processor.srcs/sources_1/new/Chemin_donnees.vhd" into library xil_defaultlib
INFO: [VRFC 10-307] analyzing entity Chemin_donnees
INFO: [VRFC 10-163] Analyzing VHDL file "/home/ingargio/4IR/Projet_Info/Processor_gestion_alea/Processor.srcs/sources_1/new/detect_alea.vhd" into library xil_defaultlib
INFO: [VRFC 10-307] analyzing entity detect_alea
INFO: [VRFC 10-163] Analyzing VHDL file "/home/ingargio/4IR/Projet_Info/Processor_gestion_alea/Processor.srcs/sources_1/new/Chemin_donnees.vhd" into library xil_defaultlib
INFO: [VRFC 10-307] analyzing entity Chemin_donnees
INFO: [VRFC 10-163] Analyzing VHDL file "/home/ingargio/4IR/Projet_Info/Processor_gestion_alea/Processor.srcs/sources_1/new/Chemin_donnees.vhd" into library xil_defaultlib
INFO: [VRFC 10-307] analyzing entity Chemin_donnees
INFO: [VRFC 10-163] Analyzing VHDL file "/home/ingargio/4IR/Projet_Info/Processor_gestion_alea/Processor.srcs/sources_1/new/Chemin_donnees.vhd" into library xil_defaultlib
INFO: [VRFC 10-307] analyzing entity Chemin_donnees
INFO: [VRFC 10-163] Analyzing VHDL file "/home/ingargio/4IR/Projet_Info/Processor_gestion_alea/Processor.srcs/sources_1/new/Chemin_donnees.vhd" into library xil_defaultlib
INFO: [VRFC 10-307] analyzing entity Chemin_donnees
INFO: [VRFC 10-163] Analyzing VHDL file "/home/ingargio/4IR/Projet_Info/Processor_gestion_alea/Processor.srcs/sources_1/new/Chemin_donnees.vhd" into library xil_defaultlib
INFO: [VRFC 10-307] analyzing entity Chemin_donnees
INFO: [VRFC 10-163] Analyzing VHDL file "/home/ingargio/4IR/Projet_Info/Processor_gestion_alea/Processor.srcs/sources_1/new/Chemin_donnees.vhd" into library xil_defaultlib
INFO: [VRFC 10-307] analyzing entity Chemin_donnees
INFO: [VRFC 10-163] Analyzing VHDL file "/home/ingargio/4IR/Projet_Info/Processor_gestion_alea/Processor.srcs/sources_1/new/Chemin_donnees.vhd" into library xil_defaultlib
INFO: [VRFC 10-307] analyzing entity Chemin_donnees
