Terminaux inutilisés dans la grammaire

    tSPACE
    tTAB
    tENDL
    tMULTDEF
    tERROR
    '='
    '+'
    '-'
    '*'
    '/'


État 74 conflits: 4 décalage/réduction
État 75 conflits: 4 décalage/réduction
État 76 conflits: 4 décalage/réduction
État 77 conflits: 4 décalage/réduction
État 85 conflits: 1 décalage/réduction


Grammaire

    0 $accept: Compilator $end

    1 Compilator: tMAIN tOP tCP tOB Code tCB

    2 Code: Declarations Instructions
    3     | Declarations
    4     | Instructions

    5 Declarations: Declaration Declarations
    6             | Declaration

    7 $@1: %empty

    8 Declaration: tCONST $@1 Variables tSEMI

    9 $@2: %empty

   10 Declaration: tINT $@2 Variables tSEMI

   11 Variables: tID

   12 $@3: %empty

   13 Variables: tID $@3 tCOMMA Variables
   14          | tID tEQ Expr

   15 Instructions: Instruction Instructions
   16             | Instruction

   17 Instruction: Calcul
   18            | Func
   19            | Bloc

   20 Calcul: Expr tSEMI
   21       | tID tEQ Expr tSEMI

   22 Expr: Mul
   23     | Add
   24     | Sub
   25     | Div
   26     | Terme

   27 Mul: Expr tMUL Expr

   28 Add: Expr tADD Expr

   29 Sub: Expr tSUB Expr

   30 Div: Expr tDIV Expr

   31 Terme: tOP Expr tCP
   32      | tID
   33      | tINTVAL

   34 Func: Print tSEMI

   35 Bloc: If
   36     | If Else
   37     | If ElseIf
   38     | While

   39 $@4: %empty

   40 Print: tPRINT tOP tID $@4 tCP

   41 $@5: %empty

   42 If: tIF tOP Cond tCP tOB $@5 Code tCB

   43 $@6: %empty

   44 Else: tELSE tOB $@6 Code tCB

   45 ElseIf: tELSE If
   46       | tELSE If ElseIf
   47       | tELSE If Else

   48 Cond: Inf
   49     | Sup
   50     | Eq
   51     | InfEq
   52     | SupEq
   53     | Diff
   54     | And
   55     | Or
   56     | Not
   57     | Expr

   58 Inf: CondPart tINF CondPart

   59 Sup: CondPart tSUP CondPart

   60 Eq: CondPart tEQ tEQ CondPart

   61 InfEq: CondPart tINF tEQ CondPart

   62 SupEq: CondPart tSUP tEQ CondPart

   63 Diff: CondPart tNOT tEQ CondPart

   64 And: CondPart tAND CondPart

   65 Or: CondPart tOR CondPart

   66 Not: tNOT CondPart

   67 CondPart: Expr
   68         | tOP Cond tCP

   69 $@7: %empty

   70 While: tWHILE tOP Cond tCP tOB $@7 Code tCB


Terminaux, suivis des règles où ils apparaissent

    $end (0) 0
    '*' (42)
    '+' (43)
    '-' (45)
    '/' (47)
    '=' (61)
    error (256)
    tMAIN (258) 1
    tOB (259) 1 42 44 70
    tCB (260) 1 42 44 70
    tCONST (261) 8
    tINT (262) 10
    tADD (263) 28
    tSUB (264) 29
    tMUL (265) 27
    tDIV (266) 30
    tEQ (267) 14 21 60 61 62 63
    tOP (268) 1 31 40 42 68 70
    tCP (269) 1 31 40 42 68 70
    tSPACE (270)
    tTAB (271)
    tCOMMA (272) 13
    tENDL (273)
    tSEMI (274) 8 10 20 21 34
    tPRINT (275) 40
    tMULTDEF (276)
    tERROR (277)
    tIF (278) 42
    tELSE (279) 44 45 46 47
    tWHILE (280) 70
    tSUP (281) 59 62
    tINF (282) 58 61
    tNOT (283) 63 66
    tAND (284) 64
    tOR (285) 65
    tINTVAL <nb> (286) 33
    tID <var> (287) 11 13 14 21 32 40


Non-terminaux, suivis des règles où ils apparaissent

    $accept (38)
        à gauche: 0
    Compilator (39)
        à gauche: 1
        à droite: 0
    Code (40)
        à gauche: 2 3 4
        à droite: 1 42 44 70
    Declarations (41)
        à gauche: 5 6
        à droite: 2 3 5
    Declaration (42)
        à gauche: 8 10
        à droite: 5 6
    $@1 (43)
        à gauche: 7
        à droite: 8
    $@2 (44)
        à gauche: 9
        à droite: 10
    Variables (45)
        à gauche: 11 13 14
        à droite: 8 10 13
    $@3 (46)
        à gauche: 12
        à droite: 13
    Instructions (47)
        à gauche: 15 16
        à droite: 2 4 15
    Instruction (48)
        à gauche: 17 18 19
        à droite: 15 16
    Calcul (49)
        à gauche: 20 21
        à droite: 17
    Expr (50)
        à gauche: 22 23 24 25 26
        à droite: 14 20 21 27 28 29 30 31 57 67
    Mul (51)
        à gauche: 27
        à droite: 22
    Add (52)
        à gauche: 28
        à droite: 23
    Sub (53)
        à gauche: 29
        à droite: 24
    Div (54)
        à gauche: 30
        à droite: 25
    Terme (55)
        à gauche: 31 32 33
        à droite: 26
    Func (56)
        à gauche: 34
        à droite: 18
    Bloc (57)
        à gauche: 35 36 37 38
        à droite: 19
    Print (58)
        à gauche: 40
        à droite: 34
    $@4 (59)
        à gauche: 39
        à droite: 40
    If (60)
        à gauche: 42
        à droite: 35 36 37 45 46 47
    $@5 (61)
        à gauche: 41
        à droite: 42
    Else (62)
        à gauche: 44
        à droite: 36 47
    $@6 (63)
        à gauche: 43
        à droite: 44
    ElseIf (64)
        à gauche: 45 46 47
        à droite: 37 46
    Cond (65)
        à gauche: 48 49 50 51 52 53 54 55 56 57
        à droite: 42 68 70
    Inf (66)
        à gauche: 58
        à droite: 48
    Sup (67)
        à gauche: 59
        à droite: 49
    Eq (68)
        à gauche: 60
        à droite: 50
    InfEq (69)
        à gauche: 61
        à droite: 51
    SupEq (70)
        à gauche: 62
        à droite: 52
    Diff (71)
        à gauche: 63
        à droite: 53
    And (72)
        à gauche: 64
        à droite: 54
    Or (73)
        à gauche: 65
        à droite: 55
    Not (74)
        à gauche: 66
        à droite: 56
    CondPart (75)
        à gauche: 67 68
        à droite: 58 59 60 61 62 63 64 65 66
    While (76)
        à gauche: 70
        à droite: 38
    $@7 (77)
        à gauche: 69
        à droite: 70


État 0

    0 $accept: . Compilator $end

    tMAIN  décalage et aller à l'état 1

    Compilator  aller à l'état 2


État 1

    1 Compilator: tMAIN . tOP tCP tOB Code tCB

    tOP  décalage et aller à l'état 3


État 2

    0 $accept: Compilator . $end

    $end  décalage et aller à l'état 4


État 3

    1 Compilator: tMAIN tOP . tCP tOB Code tCB

    tCP  décalage et aller à l'état 5


État 4

    0 $accept: Compilator $end .

    $défaut  accepter


État 5

    1 Compilator: tMAIN tOP tCP . tOB Code tCB

    tOB  décalage et aller à l'état 6


État 6

    1 Compilator: tMAIN tOP tCP tOB . Code tCB

    tCONST   décalage et aller à l'état 7
    tINT     décalage et aller à l'état 8
    tOP      décalage et aller à l'état 9
    tPRINT   décalage et aller à l'état 10
    tIF      décalage et aller à l'état 11
    tWHILE   décalage et aller à l'état 12
    tINTVAL  décalage et aller à l'état 13
    tID      décalage et aller à l'état 14

    Code          aller à l'état 15
    Declarations  aller à l'état 16
    Declaration   aller à l'état 17
    Instructions  aller à l'état 18
    Instruction   aller à l'état 19
    Calcul        aller à l'état 20
    Expr          aller à l'état 21
    Mul           aller à l'état 22
    Add           aller à l'état 23
    Sub           aller à l'état 24
    Div           aller à l'état 25
    Terme         aller à l'état 26
    Func          aller à l'état 27
    Bloc          aller à l'état 28
    Print         aller à l'état 29
    If            aller à l'état 30
    While         aller à l'état 31


État 7

    8 Declaration: tCONST . $@1 Variables tSEMI

    $défaut  réduction par utilisation de la règle 7 ($@1)

    $@1  aller à l'état 32


État 8

   10 Declaration: tINT . $@2 Variables tSEMI

    $défaut  réduction par utilisation de la règle 9 ($@2)

    $@2  aller à l'état 33


État 9

   31 Terme: tOP . Expr tCP

    tOP      décalage et aller à l'état 9
    tINTVAL  décalage et aller à l'état 13
    tID      décalage et aller à l'état 34

    Expr   aller à l'état 35
    Mul    aller à l'état 22
    Add    aller à l'état 23
    Sub    aller à l'état 24
    Div    aller à l'état 25
    Terme  aller à l'état 26


État 10

   40 Print: tPRINT . tOP tID $@4 tCP

    tOP  décalage et aller à l'état 36


État 11

   42 If: tIF . tOP Cond tCP tOB $@5 Code tCB

    tOP  décalage et aller à l'état 37


État 12

   70 While: tWHILE . tOP Cond tCP tOB $@7 Code tCB

    tOP  décalage et aller à l'état 38


État 13

   33 Terme: tINTVAL .

    $défaut  réduction par utilisation de la règle 33 (Terme)


État 14

   21 Calcul: tID . tEQ Expr tSEMI
   32 Terme: tID .

    tEQ  décalage et aller à l'état 39

    $défaut  réduction par utilisation de la règle 32 (Terme)


État 15

    1 Compilator: tMAIN tOP tCP tOB Code . tCB

    tCB  décalage et aller à l'état 40


État 16

    2 Code: Declarations . Instructions
    3     | Declarations .

    tOP      décalage et aller à l'état 9
    tPRINT   décalage et aller à l'état 10
    tIF      décalage et aller à l'état 11
    tWHILE   décalage et aller à l'état 12
    tINTVAL  décalage et aller à l'état 13
    tID      décalage et aller à l'état 14

    $défaut  réduction par utilisation de la règle 3 (Code)

    Instructions  aller à l'état 41
    Instruction   aller à l'état 19
    Calcul        aller à l'état 20
    Expr          aller à l'état 21
    Mul           aller à l'état 22
    Add           aller à l'état 23
    Sub           aller à l'état 24
    Div           aller à l'état 25
    Terme         aller à l'état 26
    Func          aller à l'état 27
    Bloc          aller à l'état 28
    Print         aller à l'état 29
    If            aller à l'état 30
    While         aller à l'état 31


État 17

    5 Declarations: Declaration . Declarations
    6             | Declaration .

    tCONST  décalage et aller à l'état 7
    tINT    décalage et aller à l'état 8

    $défaut  réduction par utilisation de la règle 6 (Declarations)

    Declarations  aller à l'état 42
    Declaration   aller à l'état 17


État 18

    4 Code: Instructions .

    $défaut  réduction par utilisation de la règle 4 (Code)


État 19

   15 Instructions: Instruction . Instructions
   16             | Instruction .

    tOP      décalage et aller à l'état 9
    tPRINT   décalage et aller à l'état 10
    tIF      décalage et aller à l'état 11
    tWHILE   décalage et aller à l'état 12
    tINTVAL  décalage et aller à l'état 13
    tID      décalage et aller à l'état 14

    $défaut  réduction par utilisation de la règle 16 (Instructions)

    Instructions  aller à l'état 43
    Instruction   aller à l'état 19
    Calcul        aller à l'état 20
    Expr          aller à l'état 21
    Mul           aller à l'état 22
    Add           aller à l'état 23
    Sub           aller à l'état 24
    Div           aller à l'état 25
    Terme         aller à l'état 26
    Func          aller à l'état 27
    Bloc          aller à l'état 28
    Print         aller à l'état 29
    If            aller à l'état 30
    While         aller à l'état 31


État 20

   17 Instruction: Calcul .

    $défaut  réduction par utilisation de la règle 17 (Instruction)


État 21

   20 Calcul: Expr . tSEMI
   27 Mul: Expr . tMUL Expr
   28 Add: Expr . tADD Expr
   29 Sub: Expr . tSUB Expr
   30 Div: Expr . tDIV Expr

    tADD   décalage et aller à l'état 44
    tSUB   décalage et aller à l'état 45
    tMUL   décalage et aller à l'état 46
    tDIV   décalage et aller à l'état 47
    tSEMI  décalage et aller à l'état 48


État 22

   22 Expr: Mul .

    $défaut  réduction par utilisation de la règle 22 (Expr)


État 23

   23 Expr: Add .

    $défaut  réduction par utilisation de la règle 23 (Expr)


État 24

   24 Expr: Sub .

    $défaut  réduction par utilisation de la règle 24 (Expr)


État 25

   25 Expr: Div .

    $défaut  réduction par utilisation de la règle 25 (Expr)


État 26

   26 Expr: Terme .

    $défaut  réduction par utilisation de la règle 26 (Expr)


État 27

   18 Instruction: Func .

    $défaut  réduction par utilisation de la règle 18 (Instruction)


État 28

   19 Instruction: Bloc .

    $défaut  réduction par utilisation de la règle 19 (Instruction)


État 29

   34 Func: Print . tSEMI

    tSEMI  décalage et aller à l'état 49


État 30

   35 Bloc: If .
   36     | If . Else
   37     | If . ElseIf

    tELSE  décalage et aller à l'état 50

    $défaut  réduction par utilisation de la règle 35 (Bloc)

    Else    aller à l'état 51
    ElseIf  aller à l'état 52


État 31

   38 Bloc: While .

    $défaut  réduction par utilisation de la règle 38 (Bloc)


État 32

    8 Declaration: tCONST $@1 . Variables tSEMI

    tID  décalage et aller à l'état 53

    Variables  aller à l'état 54


État 33

   10 Declaration: tINT $@2 . Variables tSEMI

    tID  décalage et aller à l'état 53

    Variables  aller à l'état 55


État 34

   32 Terme: tID .

    $défaut  réduction par utilisation de la règle 32 (Terme)


État 35

   27 Mul: Expr . tMUL Expr
   28 Add: Expr . tADD Expr
   29 Sub: Expr . tSUB Expr
   30 Div: Expr . tDIV Expr
   31 Terme: tOP Expr . tCP

    tADD  décalage et aller à l'état 44
    tSUB  décalage et aller à l'état 45
    tMUL  décalage et aller à l'état 46
    tDIV  décalage et aller à l'état 47
    tCP   décalage et aller à l'état 56


État 36

   40 Print: tPRINT tOP . tID $@4 tCP

    tID  décalage et aller à l'état 57


État 37

   42 If: tIF tOP . Cond tCP tOB $@5 Code tCB

    tOP      décalage et aller à l'état 58
    tNOT     décalage et aller à l'état 59
    tINTVAL  décalage et aller à l'état 13
    tID      décalage et aller à l'état 34

    Expr      aller à l'état 60
    Mul       aller à l'état 22
    Add       aller à l'état 23
    Sub       aller à l'état 24
    Div       aller à l'état 25
    Terme     aller à l'état 26
    Cond      aller à l'état 61
    Inf       aller à l'état 62
    Sup       aller à l'état 63
    Eq        aller à l'état 64
    InfEq     aller à l'état 65
    SupEq     aller à l'état 66
    Diff      aller à l'état 67
    And       aller à l'état 68
    Or        aller à l'état 69
    Not       aller à l'état 70
    CondPart  aller à l'état 71


État 38

   70 While: tWHILE tOP . Cond tCP tOB $@7 Code tCB

    tOP      décalage et aller à l'état 58
    tNOT     décalage et aller à l'état 59
    tINTVAL  décalage et aller à l'état 13
    tID      décalage et aller à l'état 34

    Expr      aller à l'état 60
    Mul       aller à l'état 22
    Add       aller à l'état 23
    Sub       aller à l'état 24
    Div       aller à l'état 25
    Terme     aller à l'état 26
    Cond      aller à l'état 72
    Inf       aller à l'état 62
    Sup       aller à l'état 63
    Eq        aller à l'état 64
    InfEq     aller à l'état 65
    SupEq     aller à l'état 66
    Diff      aller à l'état 67
    And       aller à l'état 68
    Or        aller à l'état 69
    Not       aller à l'état 70
    CondPart  aller à l'état 71


État 39

   21 Calcul: tID tEQ . Expr tSEMI

    tOP      décalage et aller à l'état 9
    tINTVAL  décalage et aller à l'état 13
    tID      décalage et aller à l'état 34

    Expr   aller à l'état 73
    Mul    aller à l'état 22
    Add    aller à l'état 23
    Sub    aller à l'état 24
    Div    aller à l'état 25
    Terme  aller à l'état 26


État 40

    1 Compilator: tMAIN tOP tCP tOB Code tCB .

    $défaut  réduction par utilisation de la règle 1 (Compilator)


État 41

    2 Code: Declarations Instructions .

    $défaut  réduction par utilisation de la règle 2 (Code)


État 42

    5 Declarations: Declaration Declarations .

    $défaut  réduction par utilisation de la règle 5 (Declarations)


État 43

   15 Instructions: Instruction Instructions .

    $défaut  réduction par utilisation de la règle 15 (Instructions)


État 44

   28 Add: Expr tADD . Expr

    tOP      décalage et aller à l'état 9
    tINTVAL  décalage et aller à l'état 13
    tID      décalage et aller à l'état 34

    Expr   aller à l'état 74
    Mul    aller à l'état 22
    Add    aller à l'état 23
    Sub    aller à l'état 24
    Div    aller à l'état 25
    Terme  aller à l'état 26


État 45

   29 Sub: Expr tSUB . Expr

    tOP      décalage et aller à l'état 9
    tINTVAL  décalage et aller à l'état 13
    tID      décalage et aller à l'état 34

    Expr   aller à l'état 75
    Mul    aller à l'état 22
    Add    aller à l'état 23
    Sub    aller à l'état 24
    Div    aller à l'état 25
    Terme  aller à l'état 26


État 46

   27 Mul: Expr tMUL . Expr

    tOP      décalage et aller à l'état 9
    tINTVAL  décalage et aller à l'état 13
    tID      décalage et aller à l'état 34

    Expr   aller à l'état 76
    Mul    aller à l'état 22
    Add    aller à l'état 23
    Sub    aller à l'état 24
    Div    aller à l'état 25
    Terme  aller à l'état 26


État 47

   30 Div: Expr tDIV . Expr

    tOP      décalage et aller à l'état 9
    tINTVAL  décalage et aller à l'état 13
    tID      décalage et aller à l'état 34

    Expr   aller à l'état 77
    Mul    aller à l'état 22
    Add    aller à l'état 23
    Sub    aller à l'état 24
    Div    aller à l'état 25
    Terme  aller à l'état 26


État 48

   20 Calcul: Expr tSEMI .

    $défaut  réduction par utilisation de la règle 20 (Calcul)


État 49

   34 Func: Print tSEMI .

    $défaut  réduction par utilisation de la règle 34 (Func)


État 50

   44 Else: tELSE . tOB $@6 Code tCB
   45 ElseIf: tELSE . If
   46       | tELSE . If ElseIf
   47       | tELSE . If Else

    tOB  décalage et aller à l'état 78
    tIF  décalage et aller à l'état 11

    If  aller à l'état 79


État 51

   36 Bloc: If Else .

    $défaut  réduction par utilisation de la règle 36 (Bloc)


État 52

   37 Bloc: If ElseIf .

    $défaut  réduction par utilisation de la règle 37 (Bloc)


État 53

   11 Variables: tID .
   13          | tID . $@3 tCOMMA Variables
   14          | tID . tEQ Expr

    tEQ  décalage et aller à l'état 80

    tCOMMA    réduction par utilisation de la règle 12 ($@3)
    $défaut  réduction par utilisation de la règle 11 (Variables)

    $@3  aller à l'état 81


État 54

    8 Declaration: tCONST $@1 Variables . tSEMI

    tSEMI  décalage et aller à l'état 82


État 55

   10 Declaration: tINT $@2 Variables . tSEMI

    tSEMI  décalage et aller à l'état 83


État 56

   31 Terme: tOP Expr tCP .

    $défaut  réduction par utilisation de la règle 31 (Terme)


État 57

   40 Print: tPRINT tOP tID . $@4 tCP

    $défaut  réduction par utilisation de la règle 39 ($@4)

    $@4  aller à l'état 84


État 58

   31 Terme: tOP . Expr tCP
   68 CondPart: tOP . Cond tCP

    tOP      décalage et aller à l'état 58
    tNOT     décalage et aller à l'état 59
    tINTVAL  décalage et aller à l'état 13
    tID      décalage et aller à l'état 34

    Expr      aller à l'état 85
    Mul       aller à l'état 22
    Add       aller à l'état 23
    Sub       aller à l'état 24
    Div       aller à l'état 25
    Terme     aller à l'état 26
    Cond      aller à l'état 86
    Inf       aller à l'état 62
    Sup       aller à l'état 63
    Eq        aller à l'état 64
    InfEq     aller à l'état 65
    SupEq     aller à l'état 66
    Diff      aller à l'état 67
    And       aller à l'état 68
    Or        aller à l'état 69
    Not       aller à l'état 70
    CondPart  aller à l'état 71


État 59

   66 Not: tNOT . CondPart

    tOP      décalage et aller à l'état 58
    tINTVAL  décalage et aller à l'état 13
    tID      décalage et aller à l'état 34

    Expr      aller à l'état 87
    Mul       aller à l'état 22
    Add       aller à l'état 23
    Sub       aller à l'état 24
    Div       aller à l'état 25
    Terme     aller à l'état 26
    CondPart  aller à l'état 88


État 60

   27 Mul: Expr . tMUL Expr
   28 Add: Expr . tADD Expr
   29 Sub: Expr . tSUB Expr
   30 Div: Expr . tDIV Expr
   57 Cond: Expr .
   67 CondPart: Expr .

    tADD  décalage et aller à l'état 44
    tSUB  décalage et aller à l'état 45
    tMUL  décalage et aller à l'état 46
    tDIV  décalage et aller à l'état 47

    tCP       réduction par utilisation de la règle 57 (Cond)
    $défaut  réduction par utilisation de la règle 67 (CondPart)


État 61

   42 If: tIF tOP Cond . tCP tOB $@5 Code tCB

    tCP  décalage et aller à l'état 89


État 62

   48 Cond: Inf .

    $défaut  réduction par utilisation de la règle 48 (Cond)


État 63

   49 Cond: Sup .

    $défaut  réduction par utilisation de la règle 49 (Cond)


État 64

   50 Cond: Eq .

    $défaut  réduction par utilisation de la règle 50 (Cond)


État 65

   51 Cond: InfEq .

    $défaut  réduction par utilisation de la règle 51 (Cond)


État 66

   52 Cond: SupEq .

    $défaut  réduction par utilisation de la règle 52 (Cond)


État 67

   53 Cond: Diff .

    $défaut  réduction par utilisation de la règle 53 (Cond)


État 68

   54 Cond: And .

    $défaut  réduction par utilisation de la règle 54 (Cond)


État 69

   55 Cond: Or .

    $défaut  réduction par utilisation de la règle 55 (Cond)


État 70

   56 Cond: Not .

    $défaut  réduction par utilisation de la règle 56 (Cond)


État 71

   58 Inf: CondPart . tINF CondPart
   59 Sup: CondPart . tSUP CondPart
   60 Eq: CondPart . tEQ tEQ CondPart
   61 InfEq: CondPart . tINF tEQ CondPart
   62 SupEq: CondPart . tSUP tEQ CondPart
   63 Diff: CondPart . tNOT tEQ CondPart
   64 And: CondPart . tAND CondPart
   65 Or: CondPart . tOR CondPart

    tEQ   décalage et aller à l'état 90
    tSUP  décalage et aller à l'état 91
    tINF  décalage et aller à l'état 92
    tNOT  décalage et aller à l'état 93
    tAND  décalage et aller à l'état 94
    tOR   décalage et aller à l'état 95


État 72

   70 While: tWHILE tOP Cond . tCP tOB $@7 Code tCB

    tCP  décalage et aller à l'état 96


État 73

   21 Calcul: tID tEQ Expr . tSEMI
   27 Mul: Expr . tMUL Expr
   28 Add: Expr . tADD Expr
   29 Sub: Expr . tSUB Expr
   30 Div: Expr . tDIV Expr

    tADD   décalage et aller à l'état 44
    tSUB   décalage et aller à l'état 45
    tMUL   décalage et aller à l'état 46
    tDIV   décalage et aller à l'état 47
    tSEMI  décalage et aller à l'état 97


État 74

   27 Mul: Expr . tMUL Expr
   28 Add: Expr . tADD Expr
   28    | Expr tADD Expr .
   29 Sub: Expr . tSUB Expr
   30 Div: Expr . tDIV Expr

    tADD  décalage et aller à l'état 44
    tSUB  décalage et aller à l'état 45
    tMUL  décalage et aller à l'état 46
    tDIV  décalage et aller à l'état 47

    tADD      [réduction par utilisation de la règle 28 (Add)]
    tSUB      [réduction par utilisation de la règle 28 (Add)]
    tMUL      [réduction par utilisation de la règle 28 (Add)]
    tDIV      [réduction par utilisation de la règle 28 (Add)]
    $défaut  réduction par utilisation de la règle 28 (Add)


État 75

   27 Mul: Expr . tMUL Expr
   28 Add: Expr . tADD Expr
   29 Sub: Expr . tSUB Expr
   29    | Expr tSUB Expr .
   30 Div: Expr . tDIV Expr

    tADD  décalage et aller à l'état 44
    tSUB  décalage et aller à l'état 45
    tMUL  décalage et aller à l'état 46
    tDIV  décalage et aller à l'état 47

    tADD      [réduction par utilisation de la règle 29 (Sub)]
    tSUB      [réduction par utilisation de la règle 29 (Sub)]
    tMUL      [réduction par utilisation de la règle 29 (Sub)]
    tDIV      [réduction par utilisation de la règle 29 (Sub)]
    $défaut  réduction par utilisation de la règle 29 (Sub)


État 76

   27 Mul: Expr . tMUL Expr
   27    | Expr tMUL Expr .
   28 Add: Expr . tADD Expr
   29 Sub: Expr . tSUB Expr
   30 Div: Expr . tDIV Expr

    tADD  décalage et aller à l'état 44
    tSUB  décalage et aller à l'état 45
    tMUL  décalage et aller à l'état 46
    tDIV  décalage et aller à l'état 47

    tADD      [réduction par utilisation de la règle 27 (Mul)]
    tSUB      [réduction par utilisation de la règle 27 (Mul)]
    tMUL      [réduction par utilisation de la règle 27 (Mul)]
    tDIV      [réduction par utilisation de la règle 27 (Mul)]
    $défaut  réduction par utilisation de la règle 27 (Mul)


État 77

   27 Mul: Expr . tMUL Expr
   28 Add: Expr . tADD Expr
   29 Sub: Expr . tSUB Expr
   30 Div: Expr . tDIV Expr
   30    | Expr tDIV Expr .

    tADD  décalage et aller à l'état 44
    tSUB  décalage et aller à l'état 45
    tMUL  décalage et aller à l'état 46
    tDIV  décalage et aller à l'état 47

    tADD      [réduction par utilisation de la règle 30 (Div)]
    tSUB      [réduction par utilisation de la règle 30 (Div)]
    tMUL      [réduction par utilisation de la règle 30 (Div)]
    tDIV      [réduction par utilisation de la règle 30 (Div)]
    $défaut  réduction par utilisation de la règle 30 (Div)


État 78

   44 Else: tELSE tOB . $@6 Code tCB

    $défaut  réduction par utilisation de la règle 43 ($@6)

    $@6  aller à l'état 98


État 79

   45 ElseIf: tELSE If .
   46       | tELSE If . ElseIf
   47       | tELSE If . Else

    tELSE  décalage et aller à l'état 50

    $défaut  réduction par utilisation de la règle 45 (ElseIf)

    Else    aller à l'état 99
    ElseIf  aller à l'état 100


État 80

   14 Variables: tID tEQ . Expr

    tOP      décalage et aller à l'état 9
    tINTVAL  décalage et aller à l'état 13
    tID      décalage et aller à l'état 34

    Expr   aller à l'état 101
    Mul    aller à l'état 22
    Add    aller à l'état 23
    Sub    aller à l'état 24
    Div    aller à l'état 25
    Terme  aller à l'état 26


État 81

   13 Variables: tID $@3 . tCOMMA Variables

    tCOMMA  décalage et aller à l'état 102


État 82

    8 Declaration: tCONST $@1 Variables tSEMI .

    $défaut  réduction par utilisation de la règle 8 (Declaration)


État 83

   10 Declaration: tINT $@2 Variables tSEMI .

    $défaut  réduction par utilisation de la règle 10 (Declaration)


État 84

   40 Print: tPRINT tOP tID $@4 . tCP

    tCP  décalage et aller à l'état 103


État 85

   27 Mul: Expr . tMUL Expr
   28 Add: Expr . tADD Expr
   29 Sub: Expr . tSUB Expr
   30 Div: Expr . tDIV Expr
   31 Terme: tOP Expr . tCP
   57 Cond: Expr .
   67 CondPart: Expr .

    tADD  décalage et aller à l'état 44
    tSUB  décalage et aller à l'état 45
    tMUL  décalage et aller à l'état 46
    tDIV  décalage et aller à l'état 47
    tCP   décalage et aller à l'état 56

    tCP       [réduction par utilisation de la règle 57 (Cond)]
    $défaut  réduction par utilisation de la règle 67 (CondPart)


État 86

   68 CondPart: tOP Cond . tCP

    tCP  décalage et aller à l'état 104


État 87

   27 Mul: Expr . tMUL Expr
   28 Add: Expr . tADD Expr
   29 Sub: Expr . tSUB Expr
   30 Div: Expr . tDIV Expr
   67 CondPart: Expr .

    tADD  décalage et aller à l'état 44
    tSUB  décalage et aller à l'état 45
    tMUL  décalage et aller à l'état 46
    tDIV  décalage et aller à l'état 47

    $défaut  réduction par utilisation de la règle 67 (CondPart)


État 88

   66 Not: tNOT CondPart .

    $défaut  réduction par utilisation de la règle 66 (Not)


État 89

   42 If: tIF tOP Cond tCP . tOB $@5 Code tCB

    tOB  décalage et aller à l'état 105


État 90

   60 Eq: CondPart tEQ . tEQ CondPart

    tEQ  décalage et aller à l'état 106


État 91

   59 Sup: CondPart tSUP . CondPart
   62 SupEq: CondPart tSUP . tEQ CondPart

    tEQ      décalage et aller à l'état 107
    tOP      décalage et aller à l'état 58
    tINTVAL  décalage et aller à l'état 13
    tID      décalage et aller à l'état 34

    Expr      aller à l'état 87
    Mul       aller à l'état 22
    Add       aller à l'état 23
    Sub       aller à l'état 24
    Div       aller à l'état 25
    Terme     aller à l'état 26
    CondPart  aller à l'état 108


État 92

   58 Inf: CondPart tINF . CondPart
   61 InfEq: CondPart tINF . tEQ CondPart

    tEQ      décalage et aller à l'état 109
    tOP      décalage et aller à l'état 58
    tINTVAL  décalage et aller à l'état 13
    tID      décalage et aller à l'état 34

    Expr      aller à l'état 87
    Mul       aller à l'état 22
    Add       aller à l'état 23
    Sub       aller à l'état 24
    Div       aller à l'état 25
    Terme     aller à l'état 26
    CondPart  aller à l'état 110


État 93

   63 Diff: CondPart tNOT . tEQ CondPart

    tEQ  décalage et aller à l'état 111


État 94

   64 And: CondPart tAND . CondPart

    tOP      décalage et aller à l'état 58
    tINTVAL  décalage et aller à l'état 13
    tID      décalage et aller à l'état 34

    Expr      aller à l'état 87
    Mul       aller à l'état 22
    Add       aller à l'état 23
    Sub       aller à l'état 24
    Div       aller à l'état 25
    Terme     aller à l'état 26
    CondPart  aller à l'état 112


État 95

   65 Or: CondPart tOR . CondPart

    tOP      décalage et aller à l'état 58
    tINTVAL  décalage et aller à l'état 13
    tID      décalage et aller à l'état 34

    Expr      aller à l'état 87
    Mul       aller à l'état 22
    Add       aller à l'état 23
    Sub       aller à l'état 24
    Div       aller à l'état 25
    Terme     aller à l'état 26
    CondPart  aller à l'état 113


État 96

   70 While: tWHILE tOP Cond tCP . tOB $@7 Code tCB

    tOB  décalage et aller à l'état 114


État 97

   21 Calcul: tID tEQ Expr tSEMI .

    $défaut  réduction par utilisation de la règle 21 (Calcul)


État 98

   44 Else: tELSE tOB $@6 . Code tCB

    tCONST   décalage et aller à l'état 7
    tINT     décalage et aller à l'état 8
    tOP      décalage et aller à l'état 9
    tPRINT   décalage et aller à l'état 10
    tIF      décalage et aller à l'état 11
    tWHILE   décalage et aller à l'état 12
    tINTVAL  décalage et aller à l'état 13
    tID      décalage et aller à l'état 14

    Code          aller à l'état 115
    Declarations  aller à l'état 16
    Declaration   aller à l'état 17
    Instructions  aller à l'état 18
    Instruction   aller à l'état 19
    Calcul        aller à l'état 20
    Expr          aller à l'état 21
    Mul           aller à l'état 22
    Add           aller à l'état 23
    Sub           aller à l'état 24
    Div           aller à l'état 25
    Terme         aller à l'état 26
    Func          aller à l'état 27
    Bloc          aller à l'état 28
    Print         aller à l'état 29
    If            aller à l'état 30
    While         aller à l'état 31


État 99

   47 ElseIf: tELSE If Else .

    $défaut  réduction par utilisation de la règle 47 (ElseIf)


État 100

   46 ElseIf: tELSE If ElseIf .

    $défaut  réduction par utilisation de la règle 46 (ElseIf)


État 101

   14 Variables: tID tEQ Expr .
   27 Mul: Expr . tMUL Expr
   28 Add: Expr . tADD Expr
   29 Sub: Expr . tSUB Expr
   30 Div: Expr . tDIV Expr

    tADD  décalage et aller à l'état 44
    tSUB  décalage et aller à l'état 45
    tMUL  décalage et aller à l'état 46
    tDIV  décalage et aller à l'état 47

    $défaut  réduction par utilisation de la règle 14 (Variables)


État 102

   13 Variables: tID $@3 tCOMMA . Variables

    tID  décalage et aller à l'état 53

    Variables  aller à l'état 116


État 103

   40 Print: tPRINT tOP tID $@4 tCP .

    $défaut  réduction par utilisation de la règle 40 (Print)


État 104

   68 CondPart: tOP Cond tCP .

    $défaut  réduction par utilisation de la règle 68 (CondPart)


État 105

   42 If: tIF tOP Cond tCP tOB . $@5 Code tCB

    $défaut  réduction par utilisation de la règle 41 ($@5)

    $@5  aller à l'état 117


État 106

   60 Eq: CondPart tEQ tEQ . CondPart

    tOP      décalage et aller à l'état 58
    tINTVAL  décalage et aller à l'état 13
    tID      décalage et aller à l'état 34

    Expr      aller à l'état 87
    Mul       aller à l'état 22
    Add       aller à l'état 23
    Sub       aller à l'état 24
    Div       aller à l'état 25
    Terme     aller à l'état 26
    CondPart  aller à l'état 118


État 107

   62 SupEq: CondPart tSUP tEQ . CondPart

    tOP      décalage et aller à l'état 58
    tINTVAL  décalage et aller à l'état 13
    tID      décalage et aller à l'état 34

    Expr      aller à l'état 87
    Mul       aller à l'état 22
    Add       aller à l'état 23
    Sub       aller à l'état 24
    Div       aller à l'état 25
    Terme     aller à l'état 26
    CondPart  aller à l'état 119


État 108

   59 Sup: CondPart tSUP CondPart .

    $défaut  réduction par utilisation de la règle 59 (Sup)


État 109

   61 InfEq: CondPart tINF tEQ . CondPart

    tOP      décalage et aller à l'état 58
    tINTVAL  décalage et aller à l'état 13
    tID      décalage et aller à l'état 34

    Expr      aller à l'état 87
    Mul       aller à l'état 22
    Add       aller à l'état 23
    Sub       aller à l'état 24
    Div       aller à l'état 25
    Terme     aller à l'état 26
    CondPart  aller à l'état 120


État 110

   58 Inf: CondPart tINF CondPart .

    $défaut  réduction par utilisation de la règle 58 (Inf)


État 111

   63 Diff: CondPart tNOT tEQ . CondPart

    tOP      décalage et aller à l'état 58
    tINTVAL  décalage et aller à l'état 13
    tID      décalage et aller à l'état 34

    Expr      aller à l'état 87
    Mul       aller à l'état 22
    Add       aller à l'état 23
    Sub       aller à l'état 24
    Div       aller à l'état 25
    Terme     aller à l'état 26
    CondPart  aller à l'état 121


État 112

   64 And: CondPart tAND CondPart .

    $défaut  réduction par utilisation de la règle 64 (And)


État 113

   65 Or: CondPart tOR CondPart .

    $défaut  réduction par utilisation de la règle 65 (Or)


État 114

   70 While: tWHILE tOP Cond tCP tOB . $@7 Code tCB

    $défaut  réduction par utilisation de la règle 69 ($@7)

    $@7  aller à l'état 122


État 115

   44 Else: tELSE tOB $@6 Code . tCB

    tCB  décalage et aller à l'état 123


État 116

   13 Variables: tID $@3 tCOMMA Variables .

    $défaut  réduction par utilisation de la règle 13 (Variables)


État 117

   42 If: tIF tOP Cond tCP tOB $@5 . Code tCB

    tCONST   décalage et aller à l'état 7
    tINT     décalage et aller à l'état 8
    tOP      décalage et aller à l'état 9
    tPRINT   décalage et aller à l'état 10
    tIF      décalage et aller à l'état 11
    tWHILE   décalage et aller à l'état 12
    tINTVAL  décalage et aller à l'état 13
    tID      décalage et aller à l'état 14

    Code          aller à l'état 124
    Declarations  aller à l'état 16
    Declaration   aller à l'état 17
    Instructions  aller à l'état 18
    Instruction   aller à l'état 19
    Calcul        aller à l'état 20
    Expr          aller à l'état 21
    Mul           aller à l'état 22
    Add           aller à l'état 23
    Sub           aller à l'état 24
    Div           aller à l'état 25
    Terme         aller à l'état 26
    Func          aller à l'état 27
    Bloc          aller à l'état 28
    Print         aller à l'état 29
    If            aller à l'état 30
    While         aller à l'état 31


État 118

   60 Eq: CondPart tEQ tEQ CondPart .

    $défaut  réduction par utilisation de la règle 60 (Eq)


État 119

   62 SupEq: CondPart tSUP tEQ CondPart .

    $défaut  réduction par utilisation de la règle 62 (SupEq)


État 120

   61 InfEq: CondPart tINF tEQ CondPart .

    $défaut  réduction par utilisation de la règle 61 (InfEq)


État 121

   63 Diff: CondPart tNOT tEQ CondPart .

    $défaut  réduction par utilisation de la règle 63 (Diff)


État 122

   70 While: tWHILE tOP Cond tCP tOB $@7 . Code tCB

    tCONST   décalage et aller à l'état 7
    tINT     décalage et aller à l'état 8
    tOP      décalage et aller à l'état 9
    tPRINT   décalage et aller à l'état 10
    tIF      décalage et aller à l'état 11
    tWHILE   décalage et aller à l'état 12
    tINTVAL  décalage et aller à l'état 13
    tID      décalage et aller à l'état 14

    Code          aller à l'état 125
    Declarations  aller à l'état 16
    Declaration   aller à l'état 17
    Instructions  aller à l'état 18
    Instruction   aller à l'état 19
    Calcul        aller à l'état 20
    Expr          aller à l'état 21
    Mul           aller à l'état 22
    Add           aller à l'état 23
    Sub           aller à l'état 24
    Div           aller à l'état 25
    Terme         aller à l'état 26
    Func          aller à l'état 27
    Bloc          aller à l'état 28
    Print         aller à l'état 29
    If            aller à l'état 30
    While         aller à l'état 31


État 123

   44 Else: tELSE tOB $@6 Code tCB .

    $défaut  réduction par utilisation de la règle 44 (Else)


État 124

   42 If: tIF tOP Cond tCP tOB $@5 Code . tCB

    tCB  décalage et aller à l'état 126


État 125

   70 While: tWHILE tOP Cond tCP tOB $@7 Code . tCB

    tCB  décalage et aller à l'état 127


État 126

   42 If: tIF tOP Cond tCP tOB $@5 Code tCB .

    $défaut  réduction par utilisation de la règle 42 (If)


État 127

   70 While: tWHILE tOP Cond tCP tOB $@7 Code tCB .

    $défaut  réduction par utilisation de la règle 70 (While)
