INFO: [VRFC 10-163] Analyzing VHDL file "/home/bamarty/Bureau/4A/Processor/Processor.srcs/sources_1/new/UAL.vhd" into library xil_defaultlib
INFO: [VRFC 10-307] analyzing entity UAL
INFO: [VRFC 10-163] Analyzing VHDL file "/home/bamarty/Bureau/4A/Processor/Processor.srcs/sim_1/new/test_UAL.vhd" into library xil_defaultlib
INFO: [VRFC 10-307] analyzing entity test_UAL
INFO: [VRFC 10-163] Analyzing VHDL file "/home/bamarty/Bureau/4A/Processor/Processor.srcs/sim_1/new/test_UAL.vhd" into library xil_defaultlib
INFO: [VRFC 10-307] analyzing entity test_UAL
INFO: [VRFC 10-163] Analyzing VHDL file "/home/bamarty/Bureau/4A/Processor/Processor.srcs/sim_1/new/test_UAL.vhd" into library xil_defaultlib
INFO: [VRFC 10-307] analyzing entity test_UAL
INFO: [VRFC 10-163] Analyzing VHDL file "/home/bamarty/Bureau/4A/Processor/Processor.srcs/sim_1/new/test_UAL.vhd" into library xil_defaultlib
INFO: [VRFC 10-307] analyzing entity test_UAL
INFO: [VRFC 10-163] Analyzing VHDL file "/home/bamarty/Bureau/4A/Processor/Processor.srcs/sources_1/new/UAL.vhd" into library xil_defaultlib
INFO: [VRFC 10-307] analyzing entity UAL
INFO: [VRFC 10-163] Analyzing VHDL file "/home/bamarty/Bureau/4A/Processor/Processor.srcs/sim_1/new/test_UAL.vhd" into library xil_defaultlib
INFO: [VRFC 10-307] analyzing entity test_UAL
INFO: [VRFC 10-163] Analyzing VHDL file "/home/bamarty/Bureau/4A/Processor/Processor.srcs/sim_1/new/test_UAL.vhd" into library xil_defaultlib
INFO: [VRFC 10-307] analyzing entity test_UAL
INFO: [VRFC 10-163] Analyzing VHDL file "/home/bamarty/Bureau/4A/Processor/Processor.srcs/sources_1/new/Banc_Registre.vhd" into library xil_defaultlib
INFO: [VRFC 10-307] analyzing entity Banc_Registre
INFO: [VRFC 10-163] Analyzing VHDL file "/home/bamarty/Bureau/4A/Processor/Processor.srcs/sim_1/new/test_banc_registre.vhd" into library xil_defaultlib
INFO: [VRFC 10-307] analyzing entity test_banc_registre
INFO: [VRFC 10-163] Analyzing VHDL file "/home/bamarty/Bureau/4A/Processor/Processor.srcs/sources_1/new/Banc_Registre.vhd" into library xil_defaultlib
INFO: [VRFC 10-307] analyzing entity Banc_Registre
INFO: [VRFC 10-163] Analyzing VHDL file "/home/bamarty/Bureau/4A/Processor/Processor.srcs/sources_1/new/Banc_Registre.vhd" into library xil_defaultlib
INFO: [VRFC 10-307] analyzing entity Banc_Registre
INFO: [VRFC 10-163] Analyzing VHDL file "/home/bamarty/Bureau/4A/Processor/Processor.srcs/sources_1/new/Banc_Registre.vhd" into library xil_defaultlib
INFO: [VRFC 10-307] analyzing entity Banc_Registre
INFO: [VRFC 10-163] Analyzing VHDL file "/home/bamarty/Bureau/4A/Processor/Processor.srcs/sources_1/new/Banc_Registre.vhd" into library xil_defaultlib
INFO: [VRFC 10-307] analyzing entity Banc_Registre
INFO: [VRFC 10-163] Analyzing VHDL file "/home/bamarty/Bureau/4A/Processor/Processor.srcs/sim_1/new/test_banc_registre.vhd" into library xil_defaultlib
INFO: [VRFC 10-307] analyzing entity test_banc_registre
INFO: [VRFC 10-163] Analyzing VHDL file "/home/bamarty/Bureau/4A/Processor/Processor.srcs/sources_1/new/Banc_Registre.vhd" into library xil_defaultlib
INFO: [VRFC 10-307] analyzing entity Banc_Registre
INFO: [VRFC 10-163] Analyzing VHDL file "/home/bamarty/Bureau/4A/Processor/Processor.srcs/sim_1/new/test_banc_registre.vhd" into library xil_defaultlib
INFO: [VRFC 10-307] analyzing entity test_banc_registre
INFO: [VRFC 10-163] Analyzing VHDL file "/home/bamarty/Bureau/4A/Processor/Processor.srcs/sim_1/new/test_banc_registre.vhd" into library xil_defaultlib
INFO: [VRFC 10-307] analyzing entity test_banc_registre
INFO: [VRFC 10-163] Analyzing VHDL file "/home/bamarty/Bureau/4A/Processor/Processor.srcs/sim_1/new/test_banc_registre.vhd" into library xil_defaultlib
INFO: [VRFC 10-307] analyzing entity test_banc_registre
INFO: [VRFC 10-163] Analyzing VHDL file "/home/bamarty/Bureau/4A/Processor/Processor.srcs/sim_1/new/test_banc_registre.vhd" into library xil_defaultlib
INFO: [VRFC 10-307] analyzing entity test_banc_registre
INFO: [VRFC 10-163] Analyzing VHDL file "/home/bamarty/Bureau/4A/Processor/Processor.srcs/sim_1/new/test_banc_registre.vhd" into library xil_defaultlib
INFO: [VRFC 10-307] analyzing entity test_banc_registre
INFO: [VRFC 10-163] Analyzing VHDL file "/home/bamarty/Bureau/4A/Processor/Processor.srcs/sources_1/new/Banc_Registre.vhd" into library xil_defaultlib
INFO: [VRFC 10-307] analyzing entity Banc_Registre
INFO: [VRFC 10-163] Analyzing VHDL file "/home/bamarty/Bureau/4A/Processor/Processor.srcs/sim_1/new/test_banc_registre.vhd" into library xil_defaultlib
INFO: [VRFC 10-307] analyzing entity test_banc_registre
INFO: [VRFC 10-163] Analyzing VHDL file "/home/bamarty/Bureau/4A/Processor/Processor.srcs/sources_1/new/Banc_Memoire_Données.vhd" into library xil_defaultlib
INFO: [VRFC 10-307] analyzing entity Banc_Memoire_Donnees
INFO: [VRFC 10-163] Analyzing VHDL file "/home/bamarty/Bureau/4A/Processor/Processor.srcs/sim_1/new/test_banc_memoire_donnees.vhd" into library xil_defaultlib
INFO: [VRFC 10-307] analyzing entity test_banc_memoire_donnees
INFO: [VRFC 10-163] Analyzing VHDL file "/home/bamarty/Bureau/4A/Processor/Processor.srcs/sources_1/new/Banc_Memoire_Instructions.vhd" into library xil_defaultlib
INFO: [VRFC 10-307] analyzing entity Banc_Memoire_Instructions
INFO: [VRFC 10-163] Analyzing VHDL file "/home/bamarty/Bureau/4A/Processor/Processor.srcs/sim_1/new/test_banc_memoire_instructions.vhd" into library xil_defaultlib
INFO: [VRFC 10-307] analyzing entity test_banc_memoire_instructions
INFO: [VRFC 10-163] Analyzing VHDL file "/home/bamarty/Bureau/4A/Processor/Processor.srcs/sources_1/new/Banc_Memoire_Instructions.vhd" into library xil_defaultlib
INFO: [VRFC 10-307] analyzing entity Banc_Memoire_Instructions
INFO: [VRFC 10-163] Analyzing VHDL file "/home/bamarty/Bureau/4A/Processor/Processor.srcs/sources_1/new/Banc_Memoire_Instructions.vhd" into library xil_defaultlib
INFO: [VRFC 10-307] analyzing entity Banc_Memoire_Instructions
INFO: [VRFC 10-163] Analyzing VHDL file "/home/bamarty/Bureau/4A/Processor/Processor.srcs/sources_1/new/Chemin_donnees.vhd" into library xil_defaultlib
INFO: [VRFC 10-307] analyzing entity Chemin_donnees
INFO: [VRFC 10-163] Analyzing VHDL file "/home/bamarty/Bureau/4A/Processor/Processor.srcs/sim_1/new/test_chemin_donnees.vhd" into library xil_defaultlib
INFO: [VRFC 10-307] analyzing entity test_chemin_donnees
INFO: [VRFC 10-163] Analyzing VHDL file "/home/bamarty/Bureau/4A/Processor/Processor.srcs/sources_1/new/Chemin_donnees.vhd" into library xil_defaultlib
INFO: [VRFC 10-307] analyzing entity Chemin_donnees
INFO: [VRFC 10-163] Analyzing VHDL file "/home/bamarty/Bureau/4A/Processor/Processor.srcs/sources_1/new/Chemin_donnees.vhd" into library xil_defaultlib
INFO: [VRFC 10-307] analyzing entity Chemin_donnees
INFO: [VRFC 10-163] Analyzing VHDL file "/home/bamarty/Bureau/4A/Processor/Processor.srcs/sim_1/new/test_chemin_donnees.vhd" into library xil_defaultlib
INFO: [VRFC 10-307] analyzing entity test_chemin_donnees
INFO: [VRFC 10-163] Analyzing VHDL file "/home/bamarty/Bureau/4A/Processor/Processor.srcs/sim_1/new/test_chemin_donnees.vhd" into library xil_defaultlib
INFO: [VRFC 10-307] analyzing entity test_chemin_donnees
INFO: [VRFC 10-163] Analyzing VHDL file "/home/bamarty/Bureau/4A/Processor/Processor.srcs/sim_1/new/test_chemin_donnees.vhd" into library xil_defaultlib
INFO: [VRFC 10-307] analyzing entity test_chemin_donnees
INFO: [VRFC 10-163] Analyzing VHDL file "/home/bamarty/Bureau/4A/Processor/Processor.srcs/sources_1/new/Chemin_donnees.vhd" into library xil_defaultlib
INFO: [VRFC 10-307] analyzing entity Chemin_donnees
INFO: [VRFC 10-163] Analyzing VHDL file "/home/bamarty/Bureau/4A/Processor/Processor.srcs/sources_1/new/Banc_Memoire_Instructions.vhd" into library xil_defaultlib
INFO: [VRFC 10-307] analyzing entity Banc_Memoire_Instructions
INFO: [VRFC 10-163] Analyzing VHDL file "/home/bamarty/Bureau/4A/Processor/Processor.srcs/sources_1/new/Banc_Memoire_Instructions.vhd" into library xil_defaultlib
INFO: [VRFC 10-307] analyzing entity Banc_Memoire_Instructions
INFO: [VRFC 10-163] Analyzing VHDL file "/home/bamarty/Bureau/4A/Processor/Processor.srcs/sources_1/new/Chemin_donnees.vhd" into library xil_defaultlib
INFO: [VRFC 10-307] analyzing entity Chemin_donnees
INFO: [VRFC 10-163] Analyzing VHDL file "/home/bamarty/Bureau/4A/Processor/Processor.srcs/sources_1/new/Chemin_donnees.vhd" into library xil_defaultlib
INFO: [VRFC 10-307] analyzing entity Chemin_donnees
INFO: [VRFC 10-163] Analyzing VHDL file "/home/bamarty/Bureau/4A/Processor/Processor.srcs/sources_1/new/Chemin_donnees.vhd" into library xil_defaultlib
INFO: [VRFC 10-307] analyzing entity Chemin_donnees
INFO: [VRFC 10-163] Analyzing VHDL file "/home/bamarty/Bureau/4A/Processor/Processor.srcs/sources_1/new/Banc_Memoire_Instructions.vhd" into library xil_defaultlib
INFO: [VRFC 10-307] analyzing entity Banc_Memoire_Instructions
INFO: [VRFC 10-163] Analyzing VHDL file "/home/bamarty/Bureau/4A/Processor/Processor.srcs/sources_1/new/Banc_Memoire_Instructions.vhd" into library xil_defaultlib
INFO: [VRFC 10-307] analyzing entity Banc_Memoire_Instructions
INFO: [VRFC 10-163] Analyzing VHDL file "/home/bamarty/Bureau/4A/Processor/Processor.srcs/sources_1/new/Banc_Memoire_Instructions.vhd" into library xil_defaultlib
INFO: [VRFC 10-307] analyzing entity Banc_Memoire_Instructions
INFO: [VRFC 10-163] Analyzing VHDL file "/home/bamarty/Bureau/4A/Processor/Processor.srcs/sources_1/new/Banc_Memoire_Instructions.vhd" into library xil_defaultlib
INFO: [VRFC 10-307] analyzing entity Banc_Memoire_Instructions
INFO: [VRFC 10-163] Analyzing VHDL file "/home/ingargio/4IR/Projet_Info/Processor/Processor.srcs/sources_1/new/Banc_Memoire_Donnees.vhd" into library xil_defaultlib
INFO: [VRFC 10-307] analyzing entity Banc_Memoire_Donnees
INFO: [VRFC 10-163] Analyzing VHDL file "/home/ingargio/4IR/Projet_Info/Processor/Processor.srcs/sources_1/new/Banc_Memoire_Instructions.vhd" into library xil_defaultlib
INFO: [VRFC 10-307] analyzing entity Banc_Memoire_Instructions
INFO: [VRFC 10-163] Analyzing VHDL file "/home/ingargio/4IR/Projet_Info/Processor/Processor.srcs/sources_1/new/Banc_Registre.vhd" into library xil_defaultlib
INFO: [VRFC 10-307] analyzing entity Banc_Registre
INFO: [VRFC 10-163] Analyzing VHDL file "/home/ingargio/4IR/Projet_Info/Processor/Processor.srcs/sources_1/new/Chemin_donnees.vhd" into library xil_defaultlib
INFO: [VRFC 10-307] analyzing entity Chemin_donnees
INFO: [VRFC 10-163] Analyzing VHDL file "/home/ingargio/4IR/Projet_Info/Processor/Processor.srcs/sources_1/new/UAL.vhd" into library xil_defaultlib
INFO: [VRFC 10-307] analyzing entity UAL
INFO: [VRFC 10-163] Analyzing VHDL file "/home/ingargio/4IR/Projet_Info/Processor/Processor.srcs/sim_1/new/test_chemin_donnees.vhd" into library xil_defaultlib
INFO: [VRFC 10-307] analyzing entity test_chemin_donnees
INFO: [VRFC 10-163] Analyzing VHDL file "/home/ingargio/4IR/Projet_Info/Processor/Processor.srcs/sources_1/new/Chemin_donnees.vhd" into library xil_defaultlib
INFO: [VRFC 10-307] analyzing entity Chemin_donnees
INFO: [VRFC 10-163] Analyzing VHDL file "/home/ingargio/4IR/Projet_Info/Processor/Processor.srcs/sources_1/new/Banc_Memoire_Instructions.vhd" into library xil_defaultlib
INFO: [VRFC 10-307] analyzing entity Banc_Memoire_Instructions
INFO: [VRFC 10-163] Analyzing VHDL file "/home/ingargio/4IR/Projet_Info/Processor/Processor.srcs/sources_1/new/Chemin_donnees.vhd" into library xil_defaultlib
INFO: [VRFC 10-307] analyzing entity Chemin_donnees
INFO: [VRFC 10-163] Analyzing VHDL file "/home/ingargio/4IR/Projet_Info/Processor/Processor.srcs/sim_1/new/test_chemin_donnees.vhd" into library xil_defaultlib
INFO: [VRFC 10-307] analyzing entity test_chemin_donnees
INFO: [VRFC 10-163] Analyzing VHDL file "/home/ingargio/4IR/Projet_Info/Processor/Processor.srcs/sources_1/new/Banc_Memoire_Instructions.vhd" into library xil_defaultlib
INFO: [VRFC 10-307] analyzing entity Banc_Memoire_Instructions
INFO: [VRFC 10-163] Analyzing VHDL file "/home/ingargio/4IR/Projet_Info/Processor/Processor.srcs/sim_1/new/test_chemin_donnees.vhd" into library xil_defaultlib
INFO: [VRFC 10-307] analyzing entity test_chemin_donnees
INFO: [VRFC 10-163] Analyzing VHDL file "/home/ingargio/4IR/Projet_Info/Processor/Processor.srcs/sources_1/new/Banc_Memoire_Instructions.vhd" into library xil_defaultlib
INFO: [VRFC 10-307] analyzing entity Banc_Memoire_Instructions
INFO: [VRFC 10-163] Analyzing VHDL file "/home/ingargio/4IR/Projet_Info/Processor/Processor.srcs/sim_1/new/test_chemin_donnees.vhd" into library xil_defaultlib
INFO: [VRFC 10-307] analyzing entity test_chemin_donnees
INFO: [VRFC 10-163] Analyzing VHDL file "/home/ingargio/4IR/Projet_Info/Processor/Processor.srcs/sources_1/new/Banc_Registre.vhd" into library xil_defaultlib
INFO: [VRFC 10-307] analyzing entity Banc_Registre
INFO: [VRFC 10-163] Analyzing VHDL file "/home/ingargio/4IR/Projet_Info/Processor/Processor.srcs/sources_1/new/Banc_Memoire_Instructions.vhd" into library xil_defaultlib
INFO: [VRFC 10-307] analyzing entity Banc_Memoire_Instructions
INFO: [VRFC 10-163] Analyzing VHDL file "/home/ingargio/4IR/Projet_Info/Processor/Processor.srcs/sources_1/new/Chemin_donnees.vhd" into library xil_defaultlib
INFO: [VRFC 10-307] analyzing entity Chemin_donnees
INFO: [VRFC 10-163] Analyzing VHDL file "/home/ingargio/4IR/Projet_Info/Processor/Processor.srcs/sources_1/new/Banc_Memoire_Instructions.vhd" into library xil_defaultlib
INFO: [VRFC 10-307] analyzing entity Banc_Memoire_Instructions
INFO: [VRFC 10-163] Analyzing VHDL file "/home/ingargio/4IR/Projet_Info/Processor/Processor.srcs/sources_1/new/Chemin_donnees.vhd" into library xil_defaultlib
INFO: [VRFC 10-307] analyzing entity Chemin_donnees
INFO: [VRFC 10-163] Analyzing VHDL file "/home/ingargio/4IR/Projet_Info/Processor/Processor.srcs/sim_1/new/test_chemin_donnees.vhd" into library xil_defaultlib
INFO: [VRFC 10-307] analyzing entity test_chemin_donnees
INFO: [VRFC 10-163] Analyzing VHDL file "/home/ingargio/4IR/Projet_Info/Processor/Processor.srcs/sources_1/new/Banc_Memoire_Instructions.vhd" into library xil_defaultlib
INFO: [VRFC 10-307] analyzing entity Banc_Memoire_Instructions
INFO: [VRFC 10-163] Analyzing VHDL file "/home/ingargio/4IR/Projet_Info/Processor/Processor.srcs/sources_1/new/Chemin_donnees.vhd" into library xil_defaultlib
INFO: [VRFC 10-307] analyzing entity Chemin_donnees
INFO: [VRFC 10-163] Analyzing VHDL file "/home/ingargio/4IR/Projet_Info/Processor/Processor.srcs/sources_1/new/Banc_Memoire_Instructions.vhd" into library xil_defaultlib
INFO: [VRFC 10-307] analyzing entity Banc_Memoire_Instructions
INFO: [VRFC 10-163] Analyzing VHDL file "/home/ingargio/4IR/Projet_Info/Processor/Processor.srcs/sources_1/new/Banc_Memoire_Instructions.vhd" into library xil_defaultlib
INFO: [VRFC 10-307] analyzing entity Banc_Memoire_Instructions
INFO: [VRFC 10-163] Analyzing VHDL file "/home/ingargio/4IR/Projet_Info/Processor/Processor.srcs/sources_1/new/Chemin_donnees.vhd" into library xil_defaultlib
INFO: [VRFC 10-307] analyzing entity Chemin_donnees
INFO: [VRFC 10-163] Analyzing VHDL file "/home/ingargio/4IR/Projet_Info/Processor/Processor.srcs/sources_1/new/Banc_Memoire_Instructions.vhd" into library xil_defaultlib
INFO: [VRFC 10-307] analyzing entity Banc_Memoire_Instructions
INFO: [VRFC 10-163] Analyzing VHDL file "/home/ingargio/4IR/Projet_Info/Processor/Processor.srcs/sources_1/new/Chemin_donnees.vhd" into library xil_defaultlib
INFO: [VRFC 10-307] analyzing entity Chemin_donnees
INFO: [VRFC 10-163] Analyzing VHDL file "/home/ingargio/4IR/Projet_Info/Processor/Processor.srcs/sources_1/new/Chemin_donnees.vhd" into library xil_defaultlib
INFO: [VRFC 10-307] analyzing entity Chemin_donnees
INFO: [VRFC 10-163] Analyzing VHDL file "/home/ingargio/4IR/Projet_Info/Processor/Processor.srcs/sources_1/new/Chemin_donnees.vhd" into library xil_defaultlib
INFO: [VRFC 10-307] analyzing entity Chemin_donnees
INFO: [VRFC 10-163] Analyzing VHDL file "/home/ingargio/4IR/Projet_Info/Processor/Processor.srcs/sources_1/new/Chemin_donnees.vhd" into library xil_defaultlib
INFO: [VRFC 10-307] analyzing entity Chemin_donnees
INFO: [VRFC 10-163] Analyzing VHDL file "/home/ingargio/4IR/Projet_Info/Processor/Processor.srcs/sources_1/new/Chemin_donnees.vhd" into library xil_defaultlib
INFO: [VRFC 10-307] analyzing entity Chemin_donnees
INFO: [VRFC 10-163] Analyzing VHDL file "/home/ingargio/4IR/Projet_Info/Processor/Processor.srcs/sources_1/new/Chemin_donnees.vhd" into library xil_defaultlib
INFO: [VRFC 10-307] analyzing entity Chemin_donnees
INFO: [VRFC 10-163] Analyzing VHDL file "/home/ingargio/4IR/Projet_Info/Processor/Processor.srcs/sources_1/new/Chemin_donnees.vhd" into library xil_defaultlib
INFO: [VRFC 10-307] analyzing entity Chemin_donnees
INFO: [VRFC 10-163] Analyzing VHDL file "/home/ingargio/4IR/Projet_Info/Processor/Processor.srcs/sources_1/new/Banc_Memoire_Instructions.vhd" into library xil_defaultlib
INFO: [VRFC 10-307] analyzing entity Banc_Memoire_Instructions
INFO: [VRFC 10-163] Analyzing VHDL file "/home/ingargio/4IR/Projet_Info/Processor/Processor.srcs/sources_1/new/Banc_Memoire_Instructions.vhd" into library xil_defaultlib
INFO: [VRFC 10-307] analyzing entity Banc_Memoire_Instructions
INFO: [VRFC 10-163] Analyzing VHDL file "/home/ingargio/4IR/Projet_Info/Processor/Processor.srcs/sources_1/new/Banc_Memoire_Instructions.vhd" into library xil_defaultlib
INFO: [VRFC 10-307] analyzing entity Banc_Memoire_Instructions
INFO: [VRFC 10-163] Analyzing VHDL file "/home/ingargio/4IR/Projet_Info/Processor/Processor.srcs/sources_1/new/Banc_Memoire_Instructions.vhd" into library xil_defaultlib
INFO: [VRFC 10-307] analyzing entity Banc_Memoire_Instructions
INFO: [VRFC 10-163] Analyzing VHDL file "/home/ingargio/4IR/Projet_Info/Processor/Processor.srcs/sources_1/new/Chemin_donnees.vhd" into library xil_defaultlib
INFO: [VRFC 10-307] analyzing entity Chemin_donnees
INFO: [VRFC 10-163] Analyzing VHDL file "/home/ingargio/4IR/Projet_Info/Processor/Processor.srcs/sources_1/new/Banc_Memoire_Instructions.vhd" into library xil_defaultlib
INFO: [VRFC 10-307] analyzing entity Banc_Memoire_Instructions
INFO: [VRFC 10-163] Analyzing VHDL file "/home/ingargio/4IR/Projet_Info/Processor/Processor.srcs/sources_1/new/Chemin_donnees.vhd" into library xil_defaultlib
INFO: [VRFC 10-307] analyzing entity Chemin_donnees
INFO: [VRFC 10-163] Analyzing VHDL file "/home/ingargio/4IR/Projet_Info/Processor/Processor.srcs/sources_1/new/Chemin_donnees.vhd" into library xil_defaultlib
INFO: [VRFC 10-307] analyzing entity Chemin_donnees
INFO: [VRFC 10-163] Analyzing VHDL file "/home/ingargio/4IR/Projet_Info/Processor/Processor.srcs/sources_1/new/Banc_Memoire_Instructions.vhd" into library xil_defaultlib
INFO: [VRFC 10-307] analyzing entity Banc_Memoire_Instructions
INFO: [VRFC 10-163] Analyzing VHDL file "/home/ingargio/4IR/Projet_Info/Processor/Processor.srcs/sources_1/new/Banc_Memoire_Instructions.vhd" into library xil_defaultlib
INFO: [VRFC 10-307] analyzing entity Banc_Memoire_Instructions
INFO: [VRFC 10-163] Analyzing VHDL file "/home/ingargio/4IR/Projet_Info/Processor/Processor.srcs/sources_1/new/Banc_Memoire_Données.vhd" into library xil_defaultlib
INFO: [VRFC 10-307] analyzing entity Banc_Memoire_Donnees
INFO: [VRFC 10-163] Analyzing VHDL file "/home/ingargio/4IR/Projet_Info/Processor/Processor.srcs/sources_1/new/Chemin_donnees.vhd" into library xil_defaultlib
INFO: [VRFC 10-307] analyzing entity Chemin_donnees
INFO: [VRFC 10-163] Analyzing VHDL file "/home/ingargio/4IR/Projet_Info/Processor/Processor.srcs/sources_1/new/Chemin_donnees.vhd" into library xil_defaultlib
INFO: [VRFC 10-307] analyzing entity Chemin_donnees
INFO: [VRFC 10-163] Analyzing VHDL file "/home/ingargio/4IR/Projet_Info/Processor/Processor.srcs/sources_1/new/Chemin_donnees.vhd" into library xil_defaultlib
INFO: [VRFC 10-307] analyzing entity Chemin_donnees
INFO: [VRFC 10-163] Analyzing VHDL file "/home/ingargio/4IR/Projet_Info/Processor/Processor.srcs/sources_1/new/Chemin_donnees.vhd" into library xil_defaultlib
INFO: [VRFC 10-307] analyzing entity Chemin_donnees
INFO: [VRFC 10-163] Analyzing VHDL file "/home/ingargio/4IR/Projet_Info/Processor/Processor.srcs/sources_1/new/Chemin_donnees.vhd" into library xil_defaultlib
INFO: [VRFC 10-307] analyzing entity Chemin_donnees
INFO: [VRFC 10-163] Analyzing VHDL file "/home/ingargio/4IR/Projet_Info/Processor/Processor.srcs/sources_1/new/Chemin_donnees.vhd" into library xil_defaultlib
INFO: [VRFC 10-307] analyzing entity Chemin_donnees
INFO: [VRFC 10-163] Analyzing VHDL file "/home/ingargio/4IR/Projet_Info/Processor/Processor.srcs/sources_1/new/Banc_Memoire_Données.vhd" into library xil_defaultlib
INFO: [VRFC 10-307] analyzing entity Banc_Memoire_Donnees
INFO: [VRFC 10-163] Analyzing VHDL file "/home/ingargio/4IR/Projet_Info/Processor/Processor.srcs/sources_1/new/Banc_Memoire_Donnees.vhd" into library xil_defaultlib
INFO: [VRFC 10-307] analyzing entity Banc_Memoire_Donnees
INFO: [VRFC 10-163] Analyzing VHDL file "/home/ingargio/4IR/Projet_Info/Processor/Processor.srcs/sources_1/new/Banc_Memoire_Donnees.vhd" into library xil_defaultlib
INFO: [VRFC 10-307] analyzing entity Banc_Memoire_Donnees
INFO: [VRFC 10-163] Analyzing VHDL file "/home/ingargio/4IR/Projet_Info/Processor/Processor.srcs/sources_1/new/Chemin_donnees.vhd" into library xil_defaultlib
INFO: [VRFC 10-307] analyzing entity Chemin_donnees
INFO: [VRFC 10-163] Analyzing VHDL file "/home/ingargio/4IR/Projet_Info/Processor/Processor.srcs/sources_1/new/Chemin_donnees.vhd" into library xil_defaultlib
INFO: [VRFC 10-307] analyzing entity Chemin_donnees
INFO: [VRFC 10-163] Analyzing VHDL file "/home/ingargio/4IR/Projet_Info/Processor/Processor.srcs/sources_1/new/Chemin_donnees.vhd" into library xil_defaultlib
INFO: [VRFC 10-307] analyzing entity Chemin_donnees
INFO: [VRFC 10-163] Analyzing VHDL file "/home/ingargio/4IR/Projet_Info/Processor/Processor.srcs/sources_1/new/Chemin_donnees.vhd" into library xil_defaultlib
INFO: [VRFC 10-307] analyzing entity Chemin_donnees
INFO: [VRFC 10-163] Analyzing VHDL file "/home/ingargio/4IR/Projet_Info/Processor/Processor.srcs/sources_1/new/Chemin_donnees.vhd" into library xil_defaultlib
INFO: [VRFC 10-307] analyzing entity Chemin_donnees
INFO: [VRFC 10-163] Analyzing VHDL file "/home/ingargio/4IR/Projet_Info/Processor/Processor.srcs/sources_1/new/Chemin_donnees.vhd" into library xil_defaultlib
INFO: [VRFC 10-307] analyzing entity Chemin_donnees
INFO: [VRFC 10-163] Analyzing VHDL file "/home/ingargio/4IR/Projet_Info/Processor/Processor.srcs/sources_1/new/Chemin_donnees.vhd" into library xil_defaultlib
INFO: [VRFC 10-307] analyzing entity Chemin_donnees
INFO: [VRFC 10-163] Analyzing VHDL file "/home/ingargio/4IR/Projet_Info/Processor/Processor.srcs/sources_1/new/Banc_Memoire_Instructions.vhd" into library xil_defaultlib
INFO: [VRFC 10-307] analyzing entity Banc_Memoire_Instructions
INFO: [VRFC 10-163] Analyzing VHDL file "/home/ingargio/4IR/Projet_Info/Processor/Processor.srcs/sources_1/new/Chemin_donnees.vhd" into library xil_defaultlib
INFO: [VRFC 10-307] analyzing entity Chemin_donnees
INFO: [VRFC 10-163] Analyzing VHDL file "/home/ingargio/4IR/Projet_Info/Processor/Processor.srcs/sources_1/new/Chemin_donnees.vhd" into library xil_defaultlib
INFO: [VRFC 10-307] analyzing entity Chemin_donnees
INFO: [VRFC 10-163] Analyzing VHDL file "/home/ingargio/4IR/Projet_Info/Processor/Processor.srcs/sources_1/new/Chemin_donnees.vhd" into library xil_defaultlib
INFO: [VRFC 10-307] analyzing entity Chemin_donnees
INFO: [VRFC 10-163] Analyzing VHDL file "/home/ingargio/4IR/Projet_Info/Processor/Processor.srcs/sources_1/new/Chemin_donnees.vhd" into library xil_defaultlib
INFO: [VRFC 10-307] analyzing entity Chemin_donnees
INFO: [VRFC 10-163] Analyzing VHDL file "/home/ingargio/4IR/Projet_Info/Processor/Processor.srcs/sources_1/new/Chemin_donnees.vhd" into library xil_defaultlib
INFO: [VRFC 10-307] analyzing entity Chemin_donnees
INFO: [VRFC 10-163] Analyzing VHDL file "/home/ingargio/4IR/Projet_Info/Processor/Processor.srcs/sources_1/new/detect_alea.vhd" into library xil_defaultlib
INFO: [VRFC 10-307] analyzing entity detect_alea
INFO: [VRFC 10-163] Analyzing VHDL file "/home/ingargio/4IR/Projet_Info/Processor/Processor.srcs/sources_1/new/Chemin_donnees.vhd" into library xil_defaultlib
INFO: [VRFC 10-307] analyzing entity Chemin_donnees
INFO: [VRFC 10-163] Analyzing VHDL file "/home/ingargio/4IR/Projet_Info/Processor/Processor.srcs/sources_1/new/Chemin_donnees.vhd" into library xil_defaultlib
INFO: [VRFC 10-307] analyzing entity Chemin_donnees
INFO: [VRFC 10-163] Analyzing VHDL file "/home/ingargio/4IR/Projet_Info/Processor/Processor.srcs/sources_1/new/Banc_Memoire_Instructions.vhd" into library xil_defaultlib
INFO: [VRFC 10-307] analyzing entity Banc_Memoire_Instructions
INFO: [VRFC 10-163] Analyzing VHDL file "/home/ingargio/4IR/Projet_Info/Processor/Processor.srcs/sources_1/new/Chemin_donnees.vhd" into library xil_defaultlib
INFO: [VRFC 10-307] analyzing entity Chemin_donnees
INFO: [VRFC 10-163] Analyzing VHDL file "/home/ingargio/4IR/Projet_Info/Processor/Processor.srcs/sources_1/new/Chemin_donnees.vhd" into library xil_defaultlib
INFO: [VRFC 10-307] analyzing entity Chemin_donnees
INFO: [VRFC 10-163] Analyzing VHDL file "/home/ingargio/4IR/Projet_Info/Processor/Processor.srcs/sources_1/new/Banc_Memoire_Instructions.vhd" into library xil_defaultlib
INFO: [VRFC 10-307] analyzing entity Banc_Memoire_Instructions
INFO: [VRFC 10-163] Analyzing VHDL file "/home/ingargio/4IR/Projet_Info/Processor/Processor.srcs/sources_1/new/Chemin_donnees.vhd" into library xil_defaultlib
INFO: [VRFC 10-307] analyzing entity Chemin_donnees
INFO: [VRFC 10-163] Analyzing VHDL file "/home/ingargio/4IR/Projet_Info/Processor/Processor.srcs/sources_1/new/Chemin_donnees.vhd" into library xil_defaultlib
INFO: [VRFC 10-307] analyzing entity Chemin_donnees
