make all --print-data-base --no-builtin-variables --no-builtin-rules --question
# GNU Make 4.2.1
# Built for x86_64-pc-linux-gnu
# Copyright (C) 1988-2016 Free Software Foundation, Inc.
# License GPLv3+: GNU GPL version 3 or later <http://gnu.org/licenses/gpl.html>
# This is free software: you are free to change and redistribute it.
# There is NO WARRANTY, to the extent permitted by law.

# Make data base, printed on Fri Mar 11 16:19:05 2022

# Variables

# automatic
<D = $(patsubst %/,%,$(dir $<))
# automatic
?F = $(notdir $?)
# environment
DESKTOP_SESSION = mate
# environment
OPAM_SWITCH_PREFIX = /mnt/commetud/GEI/OCaml/.opam/4.08.1
# default
.SHELLFLAGS := -c
# environment
OCAML_TOPLEVEL_PATH = /mnt/commetud/GEI/OCaml/.opam/4.08.1/lib/toplevel
# makefile (from 'Makefile', line 8)
OBJ = y.tab.o lex.yy.o ts.o comp.o
# environment
 
XDG_SESSION_CLASS = user
# environment
XDG_SESSION_TYPE = x11
# environment
VSCODE_LOG_NATIVE = false
# automatic
?D = $(patsubst %/,%,$(dir $?))
# automatic
@D = $(patsubst %/,%,$(dir $@))
# environment
XAUTHORITY = /home/bamarty/.Xauthority
# environment
GDMSESSION = mate
# environment
XMODIFIERS = @im=ibus
# makefile
CURDIR := /home/bamarty/Bureau/4A/Projet_Info
# makefile
SHELL = /bin/sh
# makefile (from 'Makefile', line 3)
BIN = compilator
# environment
VSCODE_NLS_CONFIG = {"locale":"fr","availableLanguages":{},"_languagePackSupport":true}
# environment
_ = /usr/share/code/code
# environment
QT_AUTO_SCREEN_SCALE_FACTOR = 0
# makefile (from 'Makefile', line 6)
CFLAGS = -Wall -g
# environment
XDG_CONFIG_DIRS = /etc/xdg/xdg-mate:/etc/xdg
# environment
GTK_OVERLAY_SCROLLING = 0
# makefile (from 'Makefile', line 1)
MAKEFILE_LIST :=  Makefile
# automatic
@F = $(notdir $@)
# environment
GIO_LAUNCHED_DESKTOP_FILE = /usr/share/applications/code.desktop
# 'override' directive
GNUMAKEFLAGS := 
# environment
XDG_DATA_DIRS = /usr/share/mate:/usr/share/mate:/usr/local/share:/usr/share:/var/lib/snapd/desktop
# environment
DBUS_SESSION_BUS_ADDRESS = unix:path=/run/user/32356/bus
# environment
VSCODE_VERBOSE_LOGGING = true
# environment
QT_SCALE_FACTOR = 1
# environment
CLUTTER_IM_MODULE = ibus
# environment
VSCODE_IPC_HOOK_EXTHOST = /run/user/32356/vscode-ipc-c093f9c3-9e4e-497c-92d0-8dd4d1ce058b.sock
# environment
VSCODE_CWD = /home/bamarty
# environment
XDG_SESSION_PATH = /org/freedesktop/DisplayManager/Session0
# environment
KRB5CCNAME = FILE:/tmp/krb5cc_32356_2KXG2t
# default
MAKE_HOST := x86_64-pc-linux-gnu
# environment
PATH = /mnt/commetud/GEI/OCaml/.opam/4.08.1/bin:/usr/local/insa/shared/opam/default/bin:/mnt/commetud/GEI/OCaml/.opam/4.08.1/bin:/usr/local/insa/shared/opam/default/bin:/usr/local/insa/lustre-v4-XX-0-linux64/bin:/usr/local/insa/arm-ada/compilateur/gcc-arm-none-eabi/bin:/usr/local/insa/anaconda/bin:/usr/local/insa/bin:/usr/local/insa/sbin:/usr/local/sbin:/usr/local/bin:/usr/sbin:/usr/bin:/sbin:/bin:/usr/games:/usr/local/games:/usr/local/insa/tina/bin:/snap/bin
# makefile (from 'Makefile', line 1)
GRM = compilator.y
# environment
GPG_AGENT_INFO = /run/user/32356/gnupg/S.gpg-agent:0:1
# environment
SESSION_MANAGER = local/insa-11284:@/tmp/.ICE-unix/2820,unix/insa-11284:/tmp/.ICE-unix/2820
# environment
XDG_RUNTIME_DIR = /run/user/32356
# environment
UBUNTU_MENUPROXY = 1
# environment
VSCODE_LOG_STACK = false
# environment
ELECTRON_RUN_AS_NODE = 1
# default
.FEATURES := target-specific order-only second-expansion else-if shortest-stem undefine oneshell archives jobserver output-sync check-symlink load
# environment
XDG_GREETER_DATA_DIR = /var/lib/lightdm-data/bamarty
# environment
XDG_SESSION_DESKTOP = mate
# environment
SSH_AUTH_SOCK = /run/user/32356/keyring/ssh
# environment
GIO_LAUNCHED_DESKTOP_FILE_PID = 5891
# automatic
%F = $(notdir $%)
# environment
DISPLAY = :0
# environment
GTK_IM_MODULE = ibus
# environment
VSCODE_PIPE_LOGGING = true
# environment
PWD = /home/bamarty/Bureau/4A/Projet_Info
# environment
QT_QPA_PLATFORMTHEME = gtk2
# default
.LOADED := 
# environment
XDG_SEAT = seat0
# environment
SSH_AGENT_PID = 2895
# environment
PKG_CONFIG_PATH = /usr/local/insa/shared/opam/default/lib/pkgconfig:/usr/local/insa/shared/opam/default/lib/pkgconfig:
# environment
ORIGINAL_XDG_CURRENT_DESKTOP = MATE
# environment
GTK_MODULES = appmenu-gtk-module:gail:atk-bridge:canberra-gtk-module:appmenu-gtk-module
# environment
MANPATH = /usr/local/man:/usr/local/share/man:/usr/share/man:/opt/man:/usr/X11R6/man:$LUSTRE_INSTALL/man:/usr/local/insa/shared/opam/default/man:/mnt/commetud/GEI/OCaml/.opam/4.08.1/man:/usr/local/insa/shared/opam/default/man:/mnt/commetud/GEI/OCaml/.opam/4.08.1/man
# environment
VSCODE_AMD_ENTRYPOINT = vs/workbench/api/node/extensionHostProcess
# environment
HOME = /home/bamarty
# environment
LD_LIBRARY_PATH = /usr/local/insa/lib:$LD_LIBRARY_PATH
# environment
VSCODE_CODE_CACHE_PATH = /home/bamarty/.config/Code/CachedData/c722ca6c7eed3d7987c0d5c3df5c45f6b15e77d1
# environment
LOGNAME = bamarty
# environment
APPLICATION_INSIGHTS_NO_DIAGNOSTIC_CHANNEL = 1
# environment
VSCODE_HANDLES_UNCAUGHT_ERRORS = true
# default
MAKE_VERSION := 4.2.1
# automatic
^D = $(patsubst %/,%,$(dir $^))
# environment
XDG_VTNR = 7
# environment
MAKELEVEL := 0
# default
MAKE = $(MAKE_COMMAND)
# default
MAKECMDGOALS := all
# environment
QT_IM_MODULE = ibus
# environment
SHLVL = 0
# makefile (from 'Makefile', line 5)
CC = gcc
# environment
COMPIZ_CONFIG_PROFILE = mate
# environment
XDG_SESSION_ID = c3
# environment
USER = bamarty
# environment
CAML_LD_LIBRARY_PATH = /mnt/commetud/GEI/OCaml/.opam/4.08.1/lib/stublibs:/mnt/commetud/GEI/OCaml/.opam/4.08.1/lib/ocaml/stublibs:/mnt/commetud/GEI/OCaml/.opam/4.08.1/lib/ocaml
# makefile
.DEFAULT_GOAL := all
# environment
XDG_CURRENT_DESKTOP = MATE
# automatic
%D = $(patsubst %/,%,$(dir $%))
# environment
R_LIBS_USER = ~/R/libs
# default
MAKE_COMMAND := make
# default
.VARIABLES := 
# automatic
*F = $(notdir $*)
# environment
XDG_SEAT_PATH = /org/freedesktop/DisplayManager/Seat0
# environment
VSCODE_IPC_HOOK = /run/user/32356/vscode-828469b0-1.65.2-main.sock
# makefile (from 'Makefile', line 2)
LEX = compilator.l
# makefile
MAKEFLAGS = pqrR
# environment
MFLAGS = -pqrR
# automatic
*D = $(patsubst %/,%,$(dir $*))
# environment
GRC_XTERM_EXECUTABLE = /usr/bin/xterm
# automatic
+D = $(patsubst %/,%,$(dir $+))
# environment
GDK_BACKEND = x11
# automatic
+F = $(notdir $+)
# environment
QT_ACCESSIBILITY = 1
# default
MAKEFILES := 
# automatic
<F = $(notdir $<)
# environment
GRC_BLOCKS_PATH = /usr/local/share/gnuradio/grc/blocks:/usr/share/gnuradio/grc/blocks:/usr/local/insa/share/gnuradio/grc/blocks
# environment
LC_ALL = C
# environment
LUSTRE_INSTALL = /usr/local/insa/lustre-v4-XX-0-linux64
# environment
QT4_IM_MODULE = ibus
# automatic
^F = $(notdir $^)
# default
SUFFIXES := 
# environment
CHROME_DESKTOP = code-url-handler.desktop
# environment
MATE_DESKTOP_SESSION_ID = this-is-deprecated
# default
.INCLUDE_DIRS = /usr/include /usr/local/include /usr/include
# default
.RECIPEPREFIX := 
# environment
LANG = C
# environment
VSCODE_PID = 5891
# variable set hash-table stats:
# Load=116/1024=11%, Rehash=0, Collisions=13/149=9%

# Pattern-specific Variable Values

# No pattern-specific variable values.

# Directories

# . (device 54, inode 2921609969): 26 files, no impossibilities.

# 26 files, no impossibilities in 1 directories.

# Implicit Rules

%.o: %.c
#  recipe to execute (from 'Makefile', line 13):
	$(CC) -c $(CFLAGS) $< -o $@

# 1 implicit rules, 0 (0.0%) terminal.

# Files

# Not a target:
ts.o:
#  Implicit rule search has not been done.
#  Modification time never checked.
#  File has not been updated.

all: compilator
#  Command line target.
#  Implicit rule search has been done.
#  File does not exist.
#  File has been updated.
#  Needs to be updated (-q is set).
# variable set hash-table stats:
# Load=0/32=0%, Rehash=0, Collisions=0/3=0%

# Not a target:
comp.o:
#  Implicit rule search has not been done.
#  Modification time never checked.
#  File has not been updated.

# Not a target:
lex.yy.o:
#  Implicit rule search has not been done.
#  Modification time never checked.
#  File has not been updated.

testdecla: all
#  Implicit rule search has not been done.
#  Modification time never checked.
#  File has not been updated.
#  recipe to execute (from 'Makefile', line 28):
	echo "main(){int abc;}" | ./compilator

# Not a target:
.SUFFIXES:
#  Implicit rule search has not been done.
 
#  Modification time never checked.
#  File has not been updated.

# Not a target:
Makefile:
#  Implicit rule search has been done.
#  Last modified 2022-03-10 12:18:34.119295
#  File has been updated.
#  Successfully updated.

test: all
#  Implicit rule search has not been done.
#  Modification time never checked.
#  File has not been updated.
#  recipe to execute (from 'Makefile', line 37):
	cat ./test.txt | ./compilator

# Not a target:
compilator.l:
#  Implicit rule search has not been done.
#  Modification time never checked.
#  File has not been updated.

compilator: y.tab.o lex.yy.o ts.o comp.o
#  Implicit rule search has not been done.
#  Last modified 2022-03-10 12:21:23.293198
#  File has been updated.
#  Needs to be updated (-q is set).
# variable set hash-table stats:
# Load=0/32=0%, Rehash=0, Collisions=0/3=0%
#  recipe to execute (from 'Makefile', line 22):
	$(CC) $(CFLAGS) $^ -o $@

# Not a target:
compilator.y:
#  Implicit rule search has been done.
#  Last modified 2022-03-11 16:18:22.384235
#  File has been updated.
#  Successfully updated.

y.tab.o: y.tab.c
#  Implicit rule search has been done.
#  Implicit/static pattern stem: 'y.tab'
#  Last modified 2022-03-10 12:21:23.141202
#  File has been updated.
#  Needs to be updated (-q is set).
# variable set hash-table stats:
# Load=0/32=0%, Rehash=0, Collisions=0/3=0%
#  recipe to execute (from 'Makefile', line 13):
	$(CC) -c $(CFLAGS) $< -o $@

lex.yy.c: compilator.l
#  Implicit rule search has not been done.
#  Modification time never checked.
#  File has not been updated.
#  recipe to execute (from 'Makefile', line 19):
	flex $<

# Not a target:
.DEFAULT:
#  Implicit rule search has not been done.
#  Modification time never checked.
#  File has not been updated.

clean:
#  Implicit rule search has not been done.
#  Modification time never checked.
#  File has not been updated.
#  recipe to execute (from 'Makefile', line 25):
	rm $(OBJ) y.tab.c y.tab.h lex.yy.c

y.tab.c: compilator.y
#  Implicit rule search has not been done.
#  Implicit/static pattern stem: ''
#  Last modified 2022-03-11 16:16:37.848149
#  File has been updated.
#  Needs to be updated (-q is set).
# automatic
# @ := y.tab.c
# automatic
# % := 
# automatic
# * := 
# automatic
# + := compilator.y
# automatic
# | := 
# automatic
# < := compilator.y
# automatic
# ^ := compilator.y
# automatic
# ? := compilator.y
# variable set hash-table stats:
# Load=8/32=25%, Rehash=0, Collisions=1/12=8%
#  recipe to execute (from 'Makefile', line 16):
	yacc -d -v -t $<

testprint: all
#  Implicit rule search has not been done.
#  Modification time never checked.
#  File has not been updated.
#  recipe to execute (from 'Makefile', line 34):
	echo "main(){printf(ok);}" | ./compilator

testinstru: all
#  Implicit rule search has not been done.
#  Modification time never checked.
#  File has not been updated.
#  recipe to execute (from 'Makefile', line 31):
	echo "main(){a = 6 + 5;}" | ./compilator

# files hash-table stats:
# Load=18/1024=2%, Rehash=0, Collisions=1/45=2%
# VPATH Search Paths

# No 'vpath' search paths.

# No general ('VPATH' variable) search path.

# strcache buffers: 1 (0) / strings = 39 / storage = 310 B / avg = 7 B
# current buf: size = 8162 B / used = 310 B / count = 39 / avg = 7 B

# strcache performance: lookups = 70 / hit rate = 44%
# hash-table stats:
# Load=39/8192=0%, Rehash=0, Collisions=1/70=1%
# Finished Make data base on Fri Mar 11 16:19:05 2022

 
